238 [4126852864] INFO perfrun.launcher <> - argc = 6; cmdline = /opt/eb/software/VTune/2018_update2/vtune_amplifier_2018.2.0.551022/bin32/amplxe-runss -dump-vdso -r /tmp/amplxe-tmp-wwei/amplxe-res-47712-7391389661716319 --tmp-dir /tmp/amplxe-tmp-wwei 
286 [4126852864] INFO perfrun.launcher <> - plugin system has been added successfully
286 [4126852864] INFO perfrun.launcher <> - plugin itt has been added successfully
286 [4126852864] INFO perfrun.launcher <> - plugin ptracecollector has been added successfully
287 [4126852864] INFO perfrun.launcher <> - plugin gpu has been added successfully
287 [4126852864] INFO perfrun.launcher <> - plugin  has been added successfully
287 [4126852864] INFO perfrun.launcher <> - plugin  has been added successfully
287 [4126852864] INFO perfrun.launcher <> - plugin  has been added successfully
287 [4126852864] INFO perfrun.launcher <> - plugin mrte has been added successfully
287 [4126852864] INFO perfrun.launcher <> - plugin emon has been added successfully
288 [4126852864] INFO perfrun.launcher <> - plugin stdsrc has been added successfully
288 [4126852864] INFO perfrun.launcher <> - plugin sep has been added successfully
289 [4126852864] INFO perfrun.launcher <> - plugin vtsspp has been added successfully
296 [4126852864] INFO perfrun.sdk <> - Reading value (2) from file: /proc/sys/kernel/perf_event_paranoid
299 [4126852864] INFO perfrun.perfcollector <> - cpu: family = 6 model = 45
300 [4126852864] INFO perfrun.perfcollector <> - dir found : /sys/bus/event_source/devices/cpu
300 [4126852864] INFO perfrun.perfcollector <> - format: pc config:19 mask:19
300 [4126852864] INFO perfrun.perfcollector <> - format: any config:21 mask:21
300 [4126852864] INFO perfrun.perfcollector <> - format: inv config:23 mask:23
301 [4126852864] INFO perfrun.perfcollector <> - format: edge config:18 mask:18
301 [4126852864] INFO perfrun.perfcollector <> - format: cmask config:24-31 mask:24-31
301 [4126852864] INFO perfrun.perfcollector <> - format: event config:0-7 mask:0-7
301 [4126852864] INFO perfrun.perfcollector <> - format: in_tx config:32 mask:32
301 [4126852864] INFO perfrun.perfcollector <> - format: ldlat config1:0-15 mask:0-15
301 [4126852864] INFO perfrun.perfcollector <> - format: umask config:8-15 mask:8-15
301 [4126852864] INFO perfrun.perfcollector <> - format: in_tx_cp config:33 mask:33
301 [4126852864] INFO perfrun.perfcollector <> - format: offcore_rsp config1:0-63 mask:0-63
301 [4126852864] INFO perfrun.perfcollector <> - hwInfo : PERF_CPU_PMU_DETAILS
301 [4126852864] INFO perfrun.perfcollector <> - pmu added : family : cpu , id : 0
301 [4126852864] INFO perfrun.perfcollector <> - dir found : /sys/bus/event_source/devices/msr
301 [4126852864] INFO perfrun.perfcollector <> - format: event config:0-63 mask:0-63
301 [4126852864] WARN perfrun.perfcollector <> - pmu hwInfo is not set, at file: vcs/perfrun1/plugins/perfcollector/src/controller.cpp:657
301 [4126852864] INFO perfrun.perfcollector <> - pmu added : family : msr , id : 0
301 [4126852864] INFO perfrun.perfcollector <> - dir found : /sys/bus/event_source/devices/software
301 [4126852864] WARN perfrun.perfcollector <> - format subdir doesn't exist, at file: vcs/perfrun1/plugins/perfcollector/src/controller.cpp:578
302 [4126852864] WARN perfrun.perfcollector <> - pmu hwInfo is not set, at file: vcs/perfrun1/plugins/perfcollector/src/controller.cpp:657
302 [4126852864] INFO perfrun.perfcollector <> - pmu added : family : software , id : 0
302 [4126852864] INFO perfrun.perfcollector <> - dir found : /sys/bus/event_source/devices/power
302 [4126852864] INFO perfrun.perfcollector <> - format: event config:0-7 mask:0-7
302 [4126852864] WARN perfrun.perfcollector <> - pmu hwInfo is not set, at file: vcs/perfrun1/plugins/perfcollector/src/controller.cpp:657
302 [4126852864] INFO perfrun.perfcollector <> - pmu added : family : power , id : 0
302 [4126852864] INFO perfrun.perfcollector <> - dir found : /sys/bus/event_source/devices/uncore_pcu
302 [4126852864] INFO perfrun.perfcollector <> - format: inv config:23 mask:23
302 [4126852864] INFO perfrun.perfcollector <> - format: occ_invert config:30 mask:30
302 [4126852864] INFO perfrun.perfcollector <> - format: edge config:18 mask:18
302 [4126852864] INFO perfrun.perfcollector <> - format: event config:0-7 mask:0-7
302 [4126852864] INFO perfrun.perfcollector <> - format: occ_sel config:14-15 mask:14-15
302 [4126852864] INFO perfrun.perfcollector <> - format: thresh config:24-28 mask:24-28
302 [4126852864] INFO perfrun.perfcollector <> - format: filter_band0 config1:0-7 mask:0-7
302 [4126852864] INFO perfrun.perfcollector <> - format: filter_band1 config1:8-15 mask:8-15
302 [4126852864] INFO perfrun.perfcollector <> - format: filter_band2 config1:16-23 mask:16-23
303 [4126852864] INFO perfrun.perfcollector <> - format: filter_band3 config1:24-31 mask:24-31
303 [4126852864] INFO perfrun.perfcollector <> - format: occ_edge config:14-51 mask:14-51
311 [4126852864] WARN perfrun.perfcollector <> - pmu hwInfo is not set, at file: vcs/perfrun1/plugins/perfcollector/src/controller.cpp:657
311 [4126852864] INFO perfrun.perfcollector <> - pmu added : family : uncore_pcu , id : 0
311 [4126852864] INFO perfrun.perfcollector <> - dir found : /sys/bus/event_source/devices/tracepoint
311 [4126852864] WARN perfrun.perfcollector <> - format subdir doesn't exist, at file: vcs/perfrun1/plugins/perfcollector/src/controller.cpp:578
311 [4126852864] WARN perfrun.perfcollector <> - pmu hwInfo is not set, at file: vcs/perfrun1/plugins/perfcollector/src/controller.cpp:657
311 [4126852864] INFO perfrun.perfcollector <> - pmu added : family : tracepoint , id : 0
311 [4126852864] INFO perfrun.perfcollector <> - dir found : /sys/bus/event_source/devices/uncore_imc_0
311 [4126852864] INFO perfrun.perfcollector <> - format: inv config:23 mask:23
311 [4126852864] INFO perfrun.perfcollector <> - format: edge config:18 mask:18
311 [4126852864] INFO perfrun.perfcollector <> - format: event config:0-7 mask:0-7
311 [4126852864] INFO perfrun.perfcollector <> - format: umask config:8-15 mask:8-15
311 [4126852864] INFO perfrun.perfcollector <> - format: thresh config:24-31 mask:24-31
311 [4126852864] INFO perfrun.perfcollector <> - hwInfo : PERF_IMC_PMU_DETAILS
311 [4126852864] INFO perfrun.perfcollector <> - pmu added : family : uncore_imc , id : 0
311 [4126852864] INFO perfrun.perfcollector <> - dir found : /sys/bus/event_source/devices/uncore_imc_1
312 [4126852864] INFO perfrun.perfcollector <> - format: inv config:23 mask:23
312 [4126852864] INFO perfrun.perfcollector <> - format: edge config:18 mask:18
312 [4126852864] INFO perfrun.perfcollector <> - format: event config:0-7 mask:0-7
312 [4126852864] INFO perfrun.perfcollector <> - format: umask config:8-15 mask:8-15
312 [4126852864] INFO perfrun.perfcollector <> - format: thresh config:24-31 mask:24-31
312 [4126852864] INFO perfrun.perfcollector <> - hwInfo : PERF_IMC_PMU_DETAILS
312 [4126852864] INFO perfrun.perfcollector <> - pmu added : family : uncore_imc , id : 1
312 [4126852864] INFO perfrun.perfcollector <> - dir found : /sys/bus/event_source/devices/uncore_imc_3
312 [4126852864] INFO perfrun.perfcollector <> - format: inv config:23 mask:23
312 [4126852864] INFO perfrun.perfcollector <> - format: edge config:18 mask:18
312 [4126852864] INFO perfrun.perfcollector <> - format: event config:0-7 mask:0-7
312 [4126852864] INFO perfrun.perfcollector <> - format: umask config:8-15 mask:8-15
312 [4126852864] INFO perfrun.perfcollector <> - format: thresh config:24-31 mask:24-31
312 [4126852864] INFO perfrun.perfcollector <> - hwInfo : PERF_IMC_PMU_DETAILS
312 [4126852864] INFO perfrun.perfcollector <> - pmu added : family : uncore_imc , id : 3
312 [4126852864] INFO perfrun.perfcollector <> - dir found : /sys/bus/event_source/devices/uncore_cbox_0
313 [4126852864] INFO perfrun.perfcollector <> - format: inv config:23 mask:23
313 [4126852864] INFO perfrun.perfcollector <> - format: edge config:18 mask:18
313 [4126852864] INFO perfrun.perfcollector <> - format: event config:0-7 mask:0-7
313 [4126852864] INFO perfrun.perfcollector <> - format: umask config:8-15 mask:8-15
313 [4126852864] INFO perfrun.perfcollector <> - format: filter_nid config1:10-17 mask:10-17
313 [4126852864] INFO perfrun.perfcollector <> - format: filter_opc config1:23-31 mask:23-31
313 [4126852864] INFO perfrun.perfcollector <> - format: filter_tid config1:0-4 mask:0-4
313 [4126852864] INFO perfrun.perfcollector <> - format: tid_en config:19 mask:19
313 [4126852864] INFO perfrun.perfcollector <> - format: thresh config:24-31 mask:24-31
313 [4126852864] INFO perfrun.perfcollector <> - format: filter_state config1:18-22 mask:18-22
313 [4126852864] WARN perfrun.perfcollector <> - pmu hwInfo is not set, at file: vcs/perfrun1/plugins/perfcollector/src/controller.cpp:657
313 [4126852864] INFO perfrun.perfcollector <> - pmu added : family : uncore_cbox , id : 0
313 [4126852864] INFO perfrun.perfcollector <> - dir found : /sys/bus/event_source/devices/uncore_cbox_1
313 [4126852864] INFO perfrun.perfcollector <> - format: inv config:23 mask:23
313 [4126852864] INFO perfrun.perfcollector <> - format: edge config:18 mask:18
313 [4126852864] INFO perfrun.perfcollector <> - format: event config:0-7 mask:0-7
314 [4126852864] INFO perfrun.perfcollector <> - format: umask config:8-15 mask:8-15
314 [4126852864] INFO perfrun.perfcollector <> - format: filter_nid config1:10-17 mask:10-17
314 [4126852864] INFO perfrun.perfcollector <> - format: filter_opc config1:23-31 mask:23-31
314 [4126852864] INFO perfrun.perfcollector <> - format: filter_tid config1:0-4 mask:0-4
314 [4126852864] INFO perfrun.perfcollector <> - format: tid_en config:19 mask:19
314 [4126852864] INFO perfrun.perfcollector <> - format: thresh config:24-31 mask:24-31
314 [4126852864] INFO perfrun.perfcollector <> - format: filter_state config1:18-22 mask:18-22
314 [4126852864] WARN perfrun.perfcollector <> - pmu hwInfo is not set, at file: vcs/perfrun1/plugins/perfcollector/src/controller.cpp:657
314 [4126852864] INFO perfrun.perfcollector <> - pmu added : family : uncore_cbox , id : 1
314 [4126852864] INFO perfrun.perfcollector <> - dir found : /sys/bus/event_source/devices/uncore_cbox_2
314 [4126852864] INFO perfrun.perfcollector <> - format: inv config:23 mask:23
314 [4126852864] INFO perfrun.perfcollector <> - format: edge config:18 mask:18
314 [4126852864] INFO perfrun.perfcollector <> - format: event config:0-7 mask:0-7
314 [4126852864] INFO perfrun.perfcollector <> - format: umask config:8-15 mask:8-15
314 [4126852864] INFO perfrun.perfcollector <> - format: filter_nid config1:10-17 mask:10-17
314 [4126852864] INFO perfrun.perfcollector <> - format: filter_opc config1:23-31 mask:23-31
315 [4126852864] INFO perfrun.perfcollector <> - format: filter_tid config1:0-4 mask:0-4
315 [4126852864] INFO perfrun.perfcollector <> - format: tid_en config:19 mask:19
315 [4126852864] INFO perfrun.perfcollector <> - format: thresh config:24-31 mask:24-31
315 [4126852864] INFO perfrun.perfcollector <> - format: filter_state config1:18-22 mask:18-22
315 [4126852864] WARN perfrun.perfcollector <> - pmu hwInfo is not set, at file: vcs/perfrun1/plugins/perfcollector/src/controller.cpp:657
315 [4126852864] INFO perfrun.perfcollector <> - pmu added : family : uncore_cbox , id : 2
315 [4126852864] INFO perfrun.perfcollector <> - dir found : /sys/bus/event_source/devices/uncore_cbox_3
315 [4126852864] INFO perfrun.perfcollector <> - format: inv config:23 mask:23
315 [4126852864] INFO perfrun.perfcollector <> - format: edge config:18 mask:18
315 [4126852864] INFO perfrun.perfcollector <> - format: event config:0-7 mask:0-7
315 [4126852864] INFO perfrun.perfcollector <> - format: umask config:8-15 mask:8-15
315 [4126852864] INFO perfrun.perfcollector <> - format: filter_nid config1:10-17 mask:10-17
315 [4126852864] INFO perfrun.perfcollector <> - format: filter_opc config1:23-31 mask:23-31
315 [4126852864] INFO perfrun.perfcollector <> - format: filter_tid config1:0-4 mask:0-4
315 [4126852864] INFO perfrun.perfcollector <> - format: tid_en config:19 mask:19
315 [4126852864] INFO perfrun.perfcollector <> - format: thresh config:24-31 mask:24-31
316 [4126852864] INFO perfrun.perfcollector <> - format: filter_state config1:18-22 mask:18-22
316 [4126852864] WARN perfrun.perfcollector <> - pmu hwInfo is not set, at file: vcs/perfrun1/plugins/perfcollector/src/controller.cpp:657
316 [4126852864] INFO perfrun.perfcollector <> - pmu added : family : uncore_cbox , id : 3
316 [4126852864] INFO perfrun.perfcollector <> - dir found : /sys/bus/event_source/devices/uncore_cbox_4
316 [4126852864] INFO perfrun.perfcollector <> - format: inv config:23 mask:23
316 [4126852864] INFO perfrun.perfcollector <> - format: edge config:18 mask:18
316 [4126852864] INFO perfrun.perfcollector <> - format: event config:0-7 mask:0-7
316 [4126852864] INFO perfrun.perfcollector <> - format: umask config:8-15 mask:8-15
316 [4126852864] INFO perfrun.perfcollector <> - format: filter_nid config1:10-17 mask:10-17
316 [4126852864] INFO perfrun.perfcollector <> - format: filter_opc config1:23-31 mask:23-31
316 [4126852864] INFO perfrun.perfcollector <> - format: filter_tid config1:0-4 mask:0-4
316 [4126852864] INFO perfrun.perfcollector <> - format: tid_en config:19 mask:19
316 [4126852864] INFO perfrun.perfcollector <> - format: thresh config:24-31 mask:24-31
316 [4126852864] INFO perfrun.perfcollector <> - format: filter_state config1:18-22 mask:18-22
316 [4126852864] WARN perfrun.perfcollector <> - pmu hwInfo is not set, at file: vcs/perfrun1/plugins/perfcollector/src/controller.cpp:657
316 [4126852864] INFO perfrun.perfcollector <> - pmu added : family : uncore_cbox , id : 4
317 [4126852864] INFO perfrun.perfcollector <> - dir found : /sys/bus/event_source/devices/uncore_cbox_5
317 [4126852864] INFO perfrun.perfcollector <> - format: inv config:23 mask:23
317 [4126852864] INFO perfrun.perfcollector <> - format: edge config:18 mask:18
317 [4126852864] INFO perfrun.perfcollector <> - format: event config:0-7 mask:0-7
317 [4126852864] INFO perfrun.perfcollector <> - format: umask config:8-15 mask:8-15
317 [4126852864] INFO perfrun.perfcollector <> - format: filter_nid config1:10-17 mask:10-17
317 [4126852864] INFO perfrun.perfcollector <> - format: filter_opc config1:23-31 mask:23-31
317 [4126852864] INFO perfrun.perfcollector <> - format: filter_tid config1:0-4 mask:0-4
317 [4126852864] INFO perfrun.perfcollector <> - format: tid_en config:19 mask:19
317 [4126852864] INFO perfrun.perfcollector <> - format: thresh config:24-31 mask:24-31
317 [4126852864] INFO perfrun.perfcollector <> - format: filter_state config1:18-22 mask:18-22
317 [4126852864] WARN perfrun.perfcollector <> - pmu hwInfo is not set, at file: vcs/perfrun1/plugins/perfcollector/src/controller.cpp:657
317 [4126852864] INFO perfrun.perfcollector <> - pmu added : family : uncore_cbox , id : 5
317 [4126852864] INFO perfrun.perfcollector <> - dir found : /sys/bus/event_source/devices/uncore_cbox_6
317 [4126852864] INFO perfrun.perfcollector <> - format: inv config:23 mask:23
317 [4126852864] INFO perfrun.perfcollector <> - format: edge config:18 mask:18
318 [4126852864] INFO perfrun.perfcollector <> - format: event config:0-7 mask:0-7
318 [4126852864] INFO perfrun.perfcollector <> - format: umask config:8-15 mask:8-15
318 [4126852864] INFO perfrun.perfcollector <> - format: filter_nid config1:10-17 mask:10-17
318 [4126852864] INFO perfrun.perfcollector <> - format: filter_opc config1:23-31 mask:23-31
318 [4126852864] INFO perfrun.perfcollector <> - format: filter_tid config1:0-4 mask:0-4
318 [4126852864] INFO perfrun.perfcollector <> - format: tid_en config:19 mask:19
318 [4126852864] INFO perfrun.perfcollector <> - format: thresh config:24-31 mask:24-31
318 [4126852864] INFO perfrun.perfcollector <> - format: filter_state config1:18-22 mask:18-22
318 [4126852864] WARN perfrun.perfcollector <> - pmu hwInfo is not set, at file: vcs/perfrun1/plugins/perfcollector/src/controller.cpp:657
318 [4126852864] INFO perfrun.perfcollector <> - pmu added : family : uncore_cbox , id : 6
318 [4126852864] INFO perfrun.perfcollector <> - dir found : /sys/bus/event_source/devices/uncore_cbox_7
318 [4126852864] INFO perfrun.perfcollector <> - format: inv config:23 mask:23
318 [4126852864] INFO perfrun.perfcollector <> - format: edge config:18 mask:18
318 [4126852864] INFO perfrun.perfcollector <> - format: event config:0-7 mask:0-7
318 [4126852864] INFO perfrun.perfcollector <> - format: umask config:8-15 mask:8-15
318 [4126852864] INFO perfrun.perfcollector <> - format: filter_nid config1:10-17 mask:10-17
318 [4126852864] INFO perfrun.perfcollector <> - format: filter_opc config1:23-31 mask:23-31
319 [4126852864] INFO perfrun.perfcollector <> - format: filter_tid config1:0-4 mask:0-4
319 [4126852864] INFO perfrun.perfcollector <> - format: tid_en config:19 mask:19
319 [4126852864] INFO perfrun.perfcollector <> - format: thresh config:24-31 mask:24-31
319 [4126852864] INFO perfrun.perfcollector <> - format: filter_state config1:18-22 mask:18-22
319 [4126852864] WARN perfrun.perfcollector <> - pmu hwInfo is not set, at file: vcs/perfrun1/plugins/perfcollector/src/controller.cpp:657
319 [4126852864] INFO perfrun.perfcollector <> - pmu added : family : uncore_cbox , id : 7
319 [4126852864] INFO perfrun.perfcollector <> - dir found : /sys/bus/event_source/devices/uncore_ha
319 [4126852864] INFO perfrun.perfcollector <> - format: inv config:23 mask:23
319 [4126852864] INFO perfrun.perfcollector <> - format: edge config:18 mask:18
319 [4126852864] INFO perfrun.perfcollector <> - format: event config:0-7 mask:0-7
319 [4126852864] INFO perfrun.perfcollector <> - format: umask config:8-15 mask:8-15
319 [4126852864] INFO perfrun.perfcollector <> - format: thresh config:24-31 mask:24-31
319 [4126852864] WARN perfrun.perfcollector <> - pmu hwInfo is not set, at file: vcs/perfrun1/plugins/perfcollector/src/controller.cpp:657
319 [4126852864] INFO perfrun.perfcollector <> - pmu added : family : uncore_ha , id : 0
319 [4126852864] INFO perfrun.perfcollector <> - dir found : /sys/bus/event_source/devices/uncore_r2pcie
319 [4126852864] INFO perfrun.perfcollector <> - format: inv config:23 mask:23
320 [4126852864] INFO perfrun.perfcollector <> - format: edge config:18 mask:18
320 [4126852864] INFO perfrun.perfcollector <> - format: event config:0-7 mask:0-7
320 [4126852864] INFO perfrun.perfcollector <> - format: umask config:8-15 mask:8-15
320 [4126852864] INFO perfrun.perfcollector <> - format: thresh config:24-31 mask:24-31
320 [4126852864] WARN perfrun.perfcollector <> - pmu hwInfo is not set, at file: vcs/perfrun1/plugins/perfcollector/src/controller.cpp:657
320 [4126852864] INFO perfrun.perfcollector <> - pmu added : family : uncore_r2pcie , id : 0
320 [4126852864] INFO perfrun.perfcollector <> - dir found : /sys/bus/event_source/devices/uncore_r3qpi_0
320 [4126852864] INFO perfrun.perfcollector <> - format: inv config:23 mask:23
320 [4126852864] INFO perfrun.perfcollector <> - format: edge config:18 mask:18
320 [4126852864] INFO perfrun.perfcollector <> - format: event config:0-7 mask:0-7
320 [4126852864] INFO perfrun.perfcollector <> - format: umask config:8-15 mask:8-15
320 [4126852864] INFO perfrun.perfcollector <> - format: thresh config:24-31 mask:24-31
320 [4126852864] WARN perfrun.perfcollector <> - pmu hwInfo is not set, at file: vcs/perfrun1/plugins/perfcollector/src/controller.cpp:657
320 [4126852864] INFO perfrun.perfcollector <> - pmu added : family : uncore_r3qpi , id : 0
320 [4126852864] INFO perfrun.perfcollector <> - dir found : /sys/bus/event_source/devices/uncore_r3qpi_1
320 [4126852864] INFO perfrun.perfcollector <> - format: inv config:23 mask:23
320 [4126852864] INFO perfrun.perfcollector <> - format: edge config:18 mask:18
321 [4126852864] INFO perfrun.perfcollector <> - format: event config:0-7 mask:0-7
321 [4126852864] INFO perfrun.perfcollector <> - format: umask config:8-15 mask:8-15
321 [4126852864] INFO perfrun.perfcollector <> - format: thresh config:24-31 mask:24-31
321 [4126852864] WARN perfrun.perfcollector <> - pmu hwInfo is not set, at file: vcs/perfrun1/plugins/perfcollector/src/controller.cpp:657
321 [4126852864] INFO perfrun.perfcollector <> - pmu added : family : uncore_r3qpi , id : 1
321 [4126852864] INFO perfrun.perfcollector <> - dir found : /sys/bus/event_source/devices/intel_bts
321 [4126852864] WARN perfrun.perfcollector <> - format subdir doesn't exist, at file: vcs/perfrun1/plugins/perfcollector/src/controller.cpp:578
321 [4126852864] WARN perfrun.perfcollector <> - pmu hwInfo is not set, at file: vcs/perfrun1/plugins/perfcollector/src/controller.cpp:657
321 [4126852864] INFO perfrun.perfcollector <> - pmu added : family : intel_bts , id : 0
321 [4126852864] INFO perfrun.perfcollector <> - dir found : /sys/bus/event_source/devices/breakpoint
321 [4126852864] WARN perfrun.perfcollector <> - format subdir doesn't exist, at file: vcs/perfrun1/plugins/perfcollector/src/controller.cpp:578
321 [4126852864] WARN perfrun.perfcollector <> - pmu hwInfo is not set, at file: vcs/perfrun1/plugins/perfcollector/src/controller.cpp:657
321 [4126852864] INFO perfrun.perfcollector <> - pmu added : family : breakpoint , id : 0
321 [4126852864] INFO perfrun.perfcollector <> - dir found : /sys/bus/event_source/devices/uncore_ubox
321 [4126852864] INFO perfrun.perfcollector <> - format: inv config:23 mask:23
321 [4126852864] INFO perfrun.perfcollector <> - format: edge config:18 mask:18
321 [4126852864] INFO perfrun.perfcollector <> - format: event config:0-7 mask:0-7
321 [4126852864] INFO perfrun.perfcollector <> - format: umask config:8-15 mask:8-15
321 [4126852864] INFO perfrun.perfcollector <> - format: thresh config:24-28 mask:24-28
321 [4126852864] WARN perfrun.perfcollector <> - pmu hwInfo is not set, at file: vcs/perfrun1/plugins/perfcollector/src/controller.cpp:657
322 [4126852864] INFO perfrun.perfcollector <> - pmu added : family : uncore_ubox , id : 0
322 [4126852864] INFO perfrun.launcher <> - plugin perf has been added successfully
322 [4126852864] INFO perfrun.launcher <> - plugin tpss has been added successfully
322 [4126852864] INFO perfrun.launcher <> - plugin cuscol has been added successfully
322 [4126852864] INFO perfrun.launcher <> - plugin exprof has been added successfully
322 [4126852864] INFO perfrun.launcher <> - plugin dpdk has been added successfully
322 [4126852864] INFO perfrun.launcher <> - plugin media has been added successfully
322 [4126852864] INFO perfrun.launcher <> - plugin commcollector has been added successfully
322 [4126852864] INFO perfrun.launcher <> - plugin cve has been added successfully
333 [4126852864] INFO perfrun.launcher <> - the option was added --interval: Specify an interval of data collection (for example, sampling) in milliseconds.
334 [4126852864] INFO perfrun.launcher <> - the option was added --follow-child: Profile process with or without children.
334 [4126852864] INFO perfrun.launcher <> - the option was added --gelding: BADMSG: perfrun1.launcher.plugin_manager::gelding
334 [4126852864] INFO perfrun.launcher <> - the option was added --time-source: Specify time source for measurement. Possible values: sys - wall clock time; tsc - time stamp counter; ext - time from an external source; auto - auto select accurate time source.
334 [4126852864] INFO perfrun.launcher <> - the option was added --stack: Enable or disable collection of stacks.
334 [4126852864] INFO perfrun.launcher <> - the option was added --stack-stitching: Enable or disable the stack stitching algorithm for Intel TBB-based applications.
334 [4126852864] INFO perfrun.launcher <> - the option was added --type: Specify type of data to be collected. For example, --type cpu:counters,waiting:nostack,io.
334 [4126852864] INFO perfrun.launcher <> - the option was added --mrte-mode: Specify Java/.NET/other managed runtime collection mode. Possible values: native - collect information only for native code; managed - collect information only for managed code; mixed - collect information for both managed and native code; auto - choose the mode based on binary type.
334 [4126852864] INFO perfrun.launcher <> - the option was added --mrte-mode-list: List supported Java/.NET/other managed runtime collection modes.
334 [4126852864] INFO perfrun.launcher <> - the option was added --mrte-type: Specify which managed runtimes to collect. Possible values: java - collect information for Java; dotnet - collect information for .NET; python - collect information for CPython. You can specify several values separated by comma.
334 [4126852864] INFO perfrun.launcher <> - the option was added --mrte-type-list: List supported Java/.NET/other managed runtime types.
334 [4126852864] INFO perfrun.launcher <> - the option was added --trace-strategy: Specify how to profile a process tree. <string> can be "<process>:trace:notrace" - profile the process but do not profile its children. Shorthand parameters: t - trace, nt - notrace. For example, "vtunedemo.exe:t:t".
335 [4126852864] INFO perfrun.launcher <> - the option was added --collector: BADMSG: perfrun1.launcher.plugin_manager::collector
335 [4126852864] INFO perfrun.launcher <> - the option was added --system-wide: Enable system-wide profiling. This mode may require additional permissions.
335 [4126852864] INFO perfrun.launcher <> - the option was added --kvm-guest: Enable KVM guest OS profiling.
335 [4126852864] INFO perfrun.launcher <> - the option was added --kvm-guest-kallsyms: Specify a local path to the /proc/kallsyms file copied from the guest OS for proper symbol resolution.
335 [4126852864] INFO perfrun.launcher <> - the option was added --kvm-guest-modules: Specify a local path to the /proc/modules file copied from the guest OS for proper symbol resolution.
335 [4126852864] INFO perfrun.launcher <> - the option was added --target-system: BADMSG: perfrun1.launcher.plugin_manager::target-system
335 [4126852864] INFO perfrun.launcher <> - the option was added --dump-vdso: Dump [vdso] to result directory
335 [4126852864] INFO perfrun.launcher <> - the option was added --bandwidth-limits: Measure bandwidth limits
335 [4126852864] INFO perfrun.launcher <> - the option was added --bandwidth-strategy: Bandwidth limits determination specific properties (example: --bandwidth-strategy array-size=0,duration=500).
335 [4126852864] INFO perfrun.launcher <> - the option was added --bandwidth-config: List of benchmarks to run.
335 [4126852864] INFO perfrun.launcher <> - the option was added --system-collector-config: Specify subcollectors. Possible values: all, vdso, container, device-info, none.
336 [4126852864] INFO perfrun.launcher <> - the option was added --itt-config: Specify a sub-set of ITT API to collect.
336 [4126852864] INFO perfrun.launcher <> - the option was added --itt-debug: Set pseudo-breakpoint at ITT API collector's start to enable the debugger to attach early.
336 [4126852864] INFO perfrun.launcher <> - the option was added --itt-ring-buffer-multiplier: The size of internal ITT API collector ring buffer, in bytes per second
336 [4126852864] INFO perfrun.launcher <> - the option was added --ptrace: Ptrace collector.
336 [4126852864] INFO perfrun.launcher <> - the option was added --target-pid: BADMSG: perfrun1.ptracecollector::target-pid
336 [4126852864] INFO perfrun.launcher <> - the option was added --ptrace-server-pid: BADMSG: perfrun1.ptracecollector::ptrace-server-pid
336 [4126852864] INFO perfrun.launcher <> - the option was added --ptrace-trace: BADMSG: perfrun1.ptracecollector::ptrace-trace
336 [4126852864] INFO perfrun.launcher <> - the option was added --ptrace-time-source: BADMSG: perfrun1.ptracecollector::ptrace-time-source
336 [4126852864] INFO perfrun.launcher <> - the option was added --ptrace-start-type: BADMSG: perfrun1.ptracecollector::ptrace-start-type
336 [4126852864] INFO perfrun.launcher <> - the option was added --gpu-config: Specify types of GPU data to be collected. Possible values: preset1, preset2.
336 [4126852864] INFO perfrun.launcher <> - the option was added --gpu-debug: Enable self-testing of the GPGPU profiling collector.
337 [4126852864] INFO perfrun.launcher <> - the option was added --stdsrc-config: Specify Standard Sources category tag(s).
337 [4126852864] INFO perfrun.launcher <> - the option was added --ftrace-config-list: List Linux Ftrace category tag(s).
337 [4126852864] INFO perfrun.launcher <> - the option was added --ftrace-config: Specify Linux Ftrace category tag(s).
337 [4126852864] INFO perfrun.launcher <> - the option was added --ftrace-function-groups: Enable tracing of specific groups of functions.
337 [4126852864] INFO perfrun.launcher <> - the option was added --event-info: BADMSG: perfrun1.stdsrc::event-info
337 [4126852864] INFO perfrun.launcher <> - the option was added --cpu-list: List supported CPUs.
337 [4126852864] INFO perfrun.launcher <> - the option was added --target-list: List available targets for performing sampling collection.
337 [4126852864] INFO perfrun.launcher <> - the option was added --event-value-list: Display event information.
337 [4126852864] INFO perfrun.launcher <> - the option was added --platform-value-list: Display details of supported platforms.
337 [4126852864] INFO perfrun.launcher <> - the option was added --uncore-event-list: List uncore events for which a sampling data collection can be performed on this platform.
337 [4126852864] INFO perfrun.launcher <> - the option was added --modifier-list: Specify the event name <string> for which the modifiers list is requested.
337 [4126852864] INFO perfrun.launcher <> - the option was added --pmu-list: List supported PMUs.
338 [4126852864] INFO perfrun.launcher <> - the option was added --os-mode-only: Enable sampling data collection for OS-mode processes only.
338 [4126852864] INFO perfrun.launcher <> - the option was added --user-mode-only: Enable sampling data collection for user-mode processes only.
338 [4126852864] INFO perfrun.launcher <> - the option was added --event-config: Perform data collection for the events with <string> configured using the format <event name1>":modifier1=val:modifier2=val/constraint1={:modifier3=val:modifier4=val}...,"<event name2>":... Specify the events(s) to monitor and embed the event names within double quotes("). [:modifier=val] specifies individual event modifiers along with the respective values for a given platform. Note that the modifiers can be generic to an event as well as specific to a constraint (or an event qualifier). The constraint specific special modifiers appear after [/constraint=]. The modifiers can be in decimal or hexadecimal format. Only specific modifiers accept the value as a string. Each event specification is delimited by a comma (,). For a list of supported modifiers and constraints, refer to the documentation.
338 [4126852864] INFO perfrun.launcher <> - the option was added --chipset-event-config: BADMSG: perfrun1.sep::chipset-event-config
338 [4126852864] INFO perfrun.launcher <> - the option was added --uncore-event-config: Perform uncore data collection in ebc count mode for the events with <string> configured using the format "<event name1>"...,"<event name2>":... Specify the events(s) to monitor and embed the event names within double quotes(").
338 [4126852864] INFO perfrun.launcher <> - the option was added --count-emon: Enable counting mode and output the data in EMON format.
338 [4126852864] INFO perfrun.launcher <> - the option was added --event-based-counts: Enable event-based counting mode. During sampling data collection, event counts data is collected for the list of events specified in -event-config option.
338 [4126852864] INFO perfrun.launcher <> - the option was added --event-mux-tfactor: Specify the event multiplexing tfactor as <integer> to set the length of the interval between interrupts. The larger the tfactor value, the larger the period between interrupts. Currently this option is only available on Intel platforms codenamed Knights Corner.
338 [4126852864] INFO perfrun.launcher <> - the option was added --full-pebs-capture: Capture full pebs information.
338 [4126852864] INFO perfrun.launcher <> - the option was added --last-branch-records: Capture Last Branch Records information.
338 [4126852864] INFO perfrun.launcher <> - the option was added --pmu-type: Specify the targeted PMU name as <string>.
338 [4126852864] INFO perfrun.launcher <> - the option was added --platform-type: Specify the targeted platform number as <number>.
339 [4126852864] INFO perfrun.launcher <> - the option was added --bts-count: Specify the <integer> number of BTS records collected after each sample or context switch (VTSS++ only).
339 [4126852864] INFO perfrun.launcher <> - the option was added --cpu-mask: Specify which CPU(s) <string> to collect data on. For example, specify "2-8,10,12-14" to sample only CPUs 2 through 8, 10, and 12 through 14.
339 [4126852864] INFO perfrun.launcher <> - the option was added --event-mux-alg: Specify the event multiplexing algorithm. Possible values: sequence, timer, trigger.
339 [4126852864] INFO perfrun.launcher <> - the option was added --event-mux-timeslice: Specify the event multiplexing time slice value as <integer>. The time slice specifies the duration between cycles for each event multiplexing group. The default value is 50 milliseconds. This option is valid only for timer-based event multiplexing. Specify the event multiplexing time slice value as <integer>. The time slice specifies the duration between cycles for each event multiplexing group. The default value is 1 millisecond. This option is valid only for timer-based event multiplexing.
339 [4126852864] INFO perfrun.launcher <> - the option was added --event-mux-factor: Specify the event multiplexing factor as <integer>. It controls the switching of event multiplexing groups. The default factor is 50. This option is valid only for trigger-based event multiplexing. Specify the event multiplexing factor as <integer>. It controls the switching of event multiplexing groups. The default factor is 1. This option is valid only for trigger-based event multiplexing.
339 [4126852864] INFO perfrun.launcher <> - the option was added --event-mux-trigger: Specify the name of the trigger event for event multiplexing as <string>. This option is valid only for trigger-based event multiplexing. The default trigger is CPU_CLK_UNHALTED.CORE (or CPU_CLK_UNHALTED.THREAD). BADMSG: perfrun1.vtsspp::event-mux-trigger
339 [4126852864] INFO perfrun.launcher <> - the option was added --pwr-config: BADMSG: perfrun1.vtsspp::pwr-config
339 [4126852864] INFO perfrun.launcher <> - the option was added --sys-config: BADMSG: perfrun1.vtsspp::sys-config
339 [4126852864] INFO perfrun.launcher <> - the option was added --pt-mode: BADMSG: perfrun1.vtsspp::pt-mode
339 [4126852864] INFO perfrun.launcher <> - the option was added --sample-after-multiplier: Specify the sample after multiplier as <double>. This multiplier modifies the sample after value for all the events specified in -event-config option. The values can range from 0.1 to 100.0. SAV multiplier value
339 [4126852864] INFO perfrun.launcher <> - the option was added --uncore-sampling-interval: Specify the uncore sampling interval as <integer>. This value set the uncore sampling interval for all the uncore events specified in -event-config option.
340 [4126852864] INFO perfrun.launcher <> - the option was added --count: Enable counting mode. Enable counting mode
340 [4126852864] INFO perfrun.launcher <> - the option was added --trace-mpi: Configure collector to trace MPI code.
340 [4126852864] INFO perfrun.launcher <> - the option was added --raw-perf-config: Specify a verified configuration for the Perf collector in the format: <describer>,<content>. For example: map-events-file,<path_to_map_events_file>.
340 [4126852864] INFO perfrun.launcher <> - the option was added --stackwalk: Specify stack unwinding method. Possible values: online - unwind stacks during collection; offline - unwind stacks after collection is finished. Specify stack unwinding method. Possible value: lbr - unwind stacks during collection. Specify stack unwinding method. Possible values: online - unwind stacks during collection; offline - unwind stacks after collection is finished; lbr - enable LBR-based call stack collection. Specify stack unwinding method. Possible values: online - unwind stacks during collection; offline - unwind stacks after collection is finished. Specify stack unwinding method. Possible values: online - unwind stacks during collection; offline - unwind stacks after collection is finished.
340 [4126852864] INFO perfrun.launcher <> - the option was added --filter-include: Filter data during collection. Possible values: contended=<on|off> - filter out uncontended events; contended_nostack=<time> - filter out stacks for contended events that take less than <time> microseconds; wait=<time> - ignore transitions and blocks with wait time less than <time> microseconds; wait_nostack=<time> - filter out stacks for waits that take less than <time> microseconds.
340 [4126852864] INFO perfrun.launcher <> - the option was added --debug-pin: Debug PIN tool and runtime.
340 [4126852864] INFO perfrun.launcher <> - the option was added --debug-exception: Disallow the application to set own abnormal termination handler.
340 [4126852864] INFO perfrun.launcher <> - the option was added --trace-type: Specify the trace file granularity. Possible values: per-thread - per-thread trace file generation; per-process - per-process trace file generation.
340 [4126852864] INFO perfrun.launcher <> - the option was added --instrumentation-type: Specify type of instrumentation.
340 [4126852864] INFO perfrun.launcher <> - the option was added --altstack: Enable or disable usage of altstacks for profiling signal handlers.
340 [4126852864] INFO perfrun.launcher <> - the option was added --profiling-signal: BADMSG: perfrun1.ptracecollector::profiling-signal Alternate profiling signal.
340 [4126852864] INFO perfrun.launcher <> - the option was added --memory-strategy: Specify a minimal memory object size to be traced and a hash table size for faster objects search; for example: --memory-strategy obj-size-min=1024,hash-table-size=4096.
341 [4126852864] INFO perfrun.launcher <> - the option was added --custom-collector: Allows to provide arbitrary command line to be run on collection steps.
341 [4126852864] INFO perfrun.launcher <> - the option was added --exprof-com-list: List available COM ports.
341 [4126852864] INFO perfrun.launcher <> - the option was added --exprof-dvc-list: List available DvC IDs.
341 [4126852864] INFO perfrun.launcher <> - the option was added --exprof-trace-channel: BADMSG: perfrun1.exprof::exprof-trace-channel
341 [4126852864] INFO perfrun.launcher <> - the option was added --exprof-event-config: Specify ExactProfiling Event Classes.
341 [4126852864] INFO perfrun.launcher <> - the option was added --analyze-dpdk: analyze-dpdk
341 [4126852864] INFO perfrun.launcher <> - the option was added --network-sampling-interval: network-sampling-interval
341 [4126852864] INFO perfrun.launcher <> - the option was added --dpdk-file-prefix: dpdk-file-prefix
343 [4126852864] INFO perfrun.launcher <> - create msngr2::ICliToolContext
343 [4126852864] INFO perfrun.launcher <> - create file finder object
348 [4117850944] INFO perfrun.system <> - dumping [vdso] pseudomodule
350 [4117850944] INFO perfrun.launcher <> - plugin [itt] was disabled because it doesn't support the given collection type.
350 [4117850944] INFO perfrun.launcher <> - plugin [ptracecollector] was disabled because it doesn't support the given collection type.
350 [4117850944] INFO perfrun.launcher <> - plugin [gpu] was disabled because it doesn't support the given collection type.
351 [4117850944] INFO perfrun.launcher <> - plugin [] was disabled because it doesn't support the given collection type.
351 [4117850944] INFO perfrun.launcher <> - plugin [] was disabled because it doesn't support the given collection type.
351 [4117850944] INFO perfrun.launcher <> - plugin [] was disabled because it doesn't support the given collection type.
351 [4117850944] INFO perfrun.launcher <> - plugin [mrte] was disabled because it doesn't support the given collection type.
351 [4117850944] INFO perfrun.launcher <> - plugin [emon] was disabled because it doesn't support the given collection type.
351 [4117850944] INFO perfrun.launcher <> - plugin [stdsrc] was disabled because it doesn't support the given collection type.
351 [4117850944] INFO perfrun.launcher <> - plugin [sep] was disabled because it doesn't support the given collection type.
351 [4117850944] INFO perfrun.launcher <> - plugin [vtsspp] was disabled because it doesn't support the given collection type.
351 [4117850944] INFO perfrun.launcher <> - plugin [perf] was disabled because it doesn't support the given collection type.
351 [4117850944] INFO perfrun.launcher <> - plugin [tpss] was disabled because it doesn't support the given collection type.
351 [4117850944] INFO perfrun.launcher <> - plugin [cuscol] was disabled because it doesn't support the given collection type.
351 [4117850944] INFO perfrun.launcher <> - plugin [exprof] was disabled because it doesn't support the given collection type.
351 [4117850944] INFO perfrun.launcher <> - plugin [dpdk] was disabled because it doesn't support the given collection type.
351 [4117850944] INFO perfrun.launcher <> - plugin [media] was disabled because it doesn't support the given collection type.
351 [4117850944] INFO perfrun.commcollector <> - Disabling commcollector because integrity connection type is not used
351 [4117850944] INFO perfrun.launcher <> - plugin [commcollector] was disabled because it doesn't support the given collection type.
351 [4117850944] INFO perfrun.launcher <> - plugin [cve] was disabled because it doesn't support the given collection type.
351 [4126852864] INFO perfrun.launcher <> - Application exit code: 0
351 [4126852864] INFO perfrun.launcher <> - Exit code: 0
