26 [140235741583232] INFO perfrun.launcher <> - argc = 7; cmdline = /opt/eb/software/VTune/2018_update2/vtune_amplifier_2018.2.0.551022/bin64/amplxe-runss --ui-output-format xml --ui-output-fd 6 --option-file /home/wwei/tests/SLNN/Python_vs_Phylanx/07AUG2018/VTune1/r000hs/config/runss.options 
45 [140235741583232] INFO perfrun.launcher <> - plugin system has been added successfully
45 [140235741583232] INFO perfrun.launcher <> - plugin itt has been added successfully
45 [140235741583232] INFO perfrun.launcher <> - plugin ptracecollector has been added successfully
45 [140235741583232] INFO perfrun.launcher <> - plugin gpu has been added successfully
45 [140235741583232] INFO perfrun.launcher <> - plugin  has been added successfully
45 [140235741583232] INFO perfrun.launcher <> - plugin  has been added successfully
45 [140235741583232] INFO perfrun.launcher <> - plugin  has been added successfully
45 [140235741583232] INFO perfrun.launcher <> - plugin mrte has been added successfully
45 [140235741583232] INFO perfrun.launcher <> - plugin emon has been added successfully
46 [140235741583232] INFO perfrun.launcher <> - plugin stdsrc has been added successfully
46 [140235741583232] INFO perfrun.launcher <> - plugin sep has been added successfully
46 [140235741583232] INFO perfrun.launcher <> - plugin vtsspp has been added successfully
46 [140235741583232] INFO perfrun.sdk <> - Reading value (2) from file: /proc/sys/kernel/perf_event_paranoid
49 [140235741583232] INFO perfrun.perfcollector <> - cpu: family = 6 model = 45
49 [140235741583232] INFO perfrun.perfcollector <> - dir found : /sys/bus/event_source/devices/cpu
49 [140235741583232] INFO perfrun.perfcollector <> - format: pc config:19 mask:19
49 [140235741583232] INFO perfrun.perfcollector <> - format: any config:21 mask:21
49 [140235741583232] INFO perfrun.perfcollector <> - format: inv config:23 mask:23
49 [140235741583232] INFO perfrun.perfcollector <> - format: edge config:18 mask:18
49 [140235741583232] INFO perfrun.perfcollector <> - format: cmask config:24-31 mask:24-31
49 [140235741583232] INFO perfrun.perfcollector <> - format: event config:0-7 mask:0-7
49 [140235741583232] INFO perfrun.perfcollector <> - format: in_tx config:32 mask:32
49 [140235741583232] INFO perfrun.perfcollector <> - format: ldlat config1:0-15 mask:0-15
50 [140235741583232] INFO perfrun.perfcollector <> - format: umask config:8-15 mask:8-15
50 [140235741583232] INFO perfrun.perfcollector <> - format: in_tx_cp config:33 mask:33
50 [140235741583232] INFO perfrun.perfcollector <> - format: offcore_rsp config1:0-63 mask:0-63
50 [140235741583232] INFO perfrun.perfcollector <> - hwInfo : PERF_CPU_PMU_DETAILS
50 [140235741583232] INFO perfrun.perfcollector <> - pmu added : family : cpu , id : 0
50 [140235741583232] INFO perfrun.perfcollector <> - dir found : /sys/bus/event_source/devices/msr
50 [140235741583232] INFO perfrun.perfcollector <> - format: event config:0-63 mask:0-63
50 [140235741583232] WARN perfrun.perfcollector <> - pmu hwInfo is not set, at file: vcs/perfrun1/plugins/perfcollector/src/controller.cpp:657
50 [140235741583232] INFO perfrun.perfcollector <> - pmu added : family : msr , id : 0
50 [140235741583232] INFO perfrun.perfcollector <> - dir found : /sys/bus/event_source/devices/software
50 [140235741583232] WARN perfrun.perfcollector <> - format subdir doesn't exist, at file: vcs/perfrun1/plugins/perfcollector/src/controller.cpp:578
50 [140235741583232] WARN perfrun.perfcollector <> - pmu hwInfo is not set, at file: vcs/perfrun1/plugins/perfcollector/src/controller.cpp:657
50 [140235741583232] INFO perfrun.perfcollector <> - pmu added : family : software , id : 0
50 [140235741583232] INFO perfrun.perfcollector <> - dir found : /sys/bus/event_source/devices/power
50 [140235741583232] INFO perfrun.perfcollector <> - format: event config:0-7 mask:0-7
50 [140235741583232] WARN perfrun.perfcollector <> - pmu hwInfo is not set, at file: vcs/perfrun1/plugins/perfcollector/src/controller.cpp:657
50 [140235741583232] INFO perfrun.perfcollector <> - pmu added : family : power , id : 0
50 [140235741583232] INFO perfrun.perfcollector <> - dir found : /sys/bus/event_source/devices/uncore_pcu
50 [140235741583232] INFO perfrun.perfcollector <> - format: inv config:23 mask:23
50 [140235741583232] INFO perfrun.perfcollector <> - format: occ_invert config:30 mask:30
50 [140235741583232] INFO perfrun.perfcollector <> - format: edge config:18 mask:18
50 [140235741583232] INFO perfrun.perfcollector <> - format: event config:0-7 mask:0-7
50 [140235741583232] INFO perfrun.perfcollector <> - format: occ_sel config:14-15 mask:14-15
50 [140235741583232] INFO perfrun.perfcollector <> - format: thresh config:24-28 mask:24-28
51 [140235741583232] INFO perfrun.perfcollector <> - format: filter_band0 config1:0-7 mask:0-7
51 [140235741583232] INFO perfrun.perfcollector <> - format: filter_band1 config1:8-15 mask:8-15
51 [140235741583232] INFO perfrun.perfcollector <> - format: filter_band2 config1:16-23 mask:16-23
51 [140235741583232] INFO perfrun.perfcollector <> - format: filter_band3 config1:24-31 mask:24-31
51 [140235741583232] INFO perfrun.perfcollector <> - format: occ_edge config:14-51 mask:14-51
51 [140235741583232] WARN perfrun.perfcollector <> - pmu hwInfo is not set, at file: vcs/perfrun1/plugins/perfcollector/src/controller.cpp:657
51 [140235741583232] INFO perfrun.perfcollector <> - pmu added : family : uncore_pcu , id : 0
51 [140235741583232] INFO perfrun.perfcollector <> - dir found : /sys/bus/event_source/devices/tracepoint
51 [140235741583232] WARN perfrun.perfcollector <> - format subdir doesn't exist, at file: vcs/perfrun1/plugins/perfcollector/src/controller.cpp:578
51 [140235741583232] WARN perfrun.perfcollector <> - pmu hwInfo is not set, at file: vcs/perfrun1/plugins/perfcollector/src/controller.cpp:657
51 [140235741583232] INFO perfrun.perfcollector <> - pmu added : family : tracepoint , id : 0
51 [140235741583232] INFO perfrun.perfcollector <> - dir found : /sys/bus/event_source/devices/uncore_imc_0
51 [140235741583232] INFO perfrun.perfcollector <> - format: inv config:23 mask:23
51 [140235741583232] INFO perfrun.perfcollector <> - format: edge config:18 mask:18
51 [140235741583232] INFO perfrun.perfcollector <> - format: event config:0-7 mask:0-7
51 [140235741583232] INFO perfrun.perfcollector <> - format: umask config:8-15 mask:8-15
51 [140235741583232] INFO perfrun.perfcollector <> - format: thresh config:24-31 mask:24-31
51 [140235741583232] INFO perfrun.perfcollector <> - hwInfo : PERF_IMC_PMU_DETAILS
52 [140235741583232] INFO perfrun.perfcollector <> - pmu added : family : uncore_imc , id : 0
52 [140235741583232] INFO perfrun.perfcollector <> - dir found : /sys/bus/event_source/devices/uncore_imc_1
52 [140235741583232] INFO perfrun.perfcollector <> - format: inv config:23 mask:23
52 [140235741583232] INFO perfrun.perfcollector <> - format: edge config:18 mask:18
52 [140235741583232] INFO perfrun.perfcollector <> - format: event config:0-7 mask:0-7
52 [140235741583232] INFO perfrun.perfcollector <> - format: umask config:8-15 mask:8-15
52 [140235741583232] INFO perfrun.perfcollector <> - format: thresh config:24-31 mask:24-31
52 [140235741583232] INFO perfrun.perfcollector <> - hwInfo : PERF_IMC_PMU_DETAILS
52 [140235741583232] INFO perfrun.perfcollector <> - pmu added : family : uncore_imc , id : 1
52 [140235741583232] INFO perfrun.perfcollector <> - dir found : /sys/bus/event_source/devices/uncore_imc_3
52 [140235741583232] INFO perfrun.perfcollector <> - format: inv config:23 mask:23
52 [140235741583232] INFO perfrun.perfcollector <> - format: edge config:18 mask:18
52 [140235741583232] INFO perfrun.perfcollector <> - format: event config:0-7 mask:0-7
52 [140235741583232] INFO perfrun.perfcollector <> - format: umask config:8-15 mask:8-15
52 [140235741583232] INFO perfrun.perfcollector <> - format: thresh config:24-31 mask:24-31
52 [140235741583232] INFO perfrun.perfcollector <> - hwInfo : PERF_IMC_PMU_DETAILS
52 [140235741583232] INFO perfrun.perfcollector <> - pmu added : family : uncore_imc , id : 3
52 [140235741583232] INFO perfrun.perfcollector <> - dir found : /sys/bus/event_source/devices/uncore_cbox_0
52 [140235741583232] INFO perfrun.perfcollector <> - format: inv config:23 mask:23
52 [140235741583232] INFO perfrun.perfcollector <> - format: edge config:18 mask:18
52 [140235741583232] INFO perfrun.perfcollector <> - format: event config:0-7 mask:0-7
52 [140235741583232] INFO perfrun.perfcollector <> - format: umask config:8-15 mask:8-15
53 [140235741583232] INFO perfrun.perfcollector <> - format: filter_nid config1:10-17 mask:10-17
53 [140235741583232] INFO perfrun.perfcollector <> - format: filter_opc config1:23-31 mask:23-31
53 [140235741583232] INFO perfrun.perfcollector <> - format: filter_tid config1:0-4 mask:0-4
53 [140235741583232] INFO perfrun.perfcollector <> - format: tid_en config:19 mask:19
53 [140235741583232] INFO perfrun.perfcollector <> - format: thresh config:24-31 mask:24-31
53 [140235741583232] INFO perfrun.perfcollector <> - format: filter_state config1:18-22 mask:18-22
53 [140235741583232] WARN perfrun.perfcollector <> - pmu hwInfo is not set, at file: vcs/perfrun1/plugins/perfcollector/src/controller.cpp:657
53 [140235741583232] INFO perfrun.perfcollector <> - pmu added : family : uncore_cbox , id : 0
53 [140235741583232] INFO perfrun.perfcollector <> - dir found : /sys/bus/event_source/devices/uncore_cbox_1
53 [140235741583232] INFO perfrun.perfcollector <> - format: inv config:23 mask:23
53 [140235741583232] INFO perfrun.perfcollector <> - format: edge config:18 mask:18
53 [140235741583232] INFO perfrun.perfcollector <> - format: event config:0-7 mask:0-7
53 [140235741583232] INFO perfrun.perfcollector <> - format: umask config:8-15 mask:8-15
53 [140235741583232] INFO perfrun.perfcollector <> - format: filter_nid config1:10-17 mask:10-17
53 [140235741583232] INFO perfrun.perfcollector <> - format: filter_opc config1:23-31 mask:23-31
53 [140235741583232] INFO perfrun.perfcollector <> - format: filter_tid config1:0-4 mask:0-4
53 [140235741583232] INFO perfrun.perfcollector <> - format: tid_en config:19 mask:19
53 [140235741583232] INFO perfrun.perfcollector <> - format: thresh config:24-31 mask:24-31
53 [140235741583232] INFO perfrun.perfcollector <> - format: filter_state config1:18-22 mask:18-22
53 [140235741583232] WARN perfrun.perfcollector <> - pmu hwInfo is not set, at file: vcs/perfrun1/plugins/perfcollector/src/controller.cpp:657
53 [140235741583232] INFO perfrun.perfcollector <> - pmu added : family : uncore_cbox , id : 1
53 [140235741583232] INFO perfrun.perfcollector <> - dir found : /sys/bus/event_source/devices/uncore_cbox_2
53 [140235741583232] INFO perfrun.perfcollector <> - format: inv config:23 mask:23
54 [140235741583232] INFO perfrun.perfcollector <> - format: edge config:18 mask:18
54 [140235741583232] INFO perfrun.perfcollector <> - format: event config:0-7 mask:0-7
54 [140235741583232] INFO perfrun.perfcollector <> - format: umask config:8-15 mask:8-15
54 [140235741583232] INFO perfrun.perfcollector <> - format: filter_nid config1:10-17 mask:10-17
54 [140235741583232] INFO perfrun.perfcollector <> - format: filter_opc config1:23-31 mask:23-31
54 [140235741583232] INFO perfrun.perfcollector <> - format: filter_tid config1:0-4 mask:0-4
54 [140235741583232] INFO perfrun.perfcollector <> - format: tid_en config:19 mask:19
54 [140235741583232] INFO perfrun.perfcollector <> - format: thresh config:24-31 mask:24-31
54 [140235741583232] INFO perfrun.perfcollector <> - format: filter_state config1:18-22 mask:18-22
54 [140235741583232] WARN perfrun.perfcollector <> - pmu hwInfo is not set, at file: vcs/perfrun1/plugins/perfcollector/src/controller.cpp:657
54 [140235741583232] INFO perfrun.perfcollector <> - pmu added : family : uncore_cbox , id : 2
54 [140235741583232] INFO perfrun.perfcollector <> - dir found : /sys/bus/event_source/devices/uncore_cbox_3
54 [140235741583232] INFO perfrun.perfcollector <> - format: inv config:23 mask:23
54 [140235741583232] INFO perfrun.perfcollector <> - format: edge config:18 mask:18
54 [140235741583232] INFO perfrun.perfcollector <> - format: event config:0-7 mask:0-7
54 [140235741583232] INFO perfrun.perfcollector <> - format: umask config:8-15 mask:8-15
54 [140235741583232] INFO perfrun.perfcollector <> - format: filter_nid config1:10-17 mask:10-17
54 [140235741583232] INFO perfrun.perfcollector <> - format: filter_opc config1:23-31 mask:23-31
54 [140235741583232] INFO perfrun.perfcollector <> - format: filter_tid config1:0-4 mask:0-4
54 [140235741583232] INFO perfrun.perfcollector <> - format: tid_en config:19 mask:19
54 [140235741583232] INFO perfrun.perfcollector <> - format: thresh config:24-31 mask:24-31
55 [140235741583232] INFO perfrun.perfcollector <> - format: filter_state config1:18-22 mask:18-22
55 [140235741583232] WARN perfrun.perfcollector <> - pmu hwInfo is not set, at file: vcs/perfrun1/plugins/perfcollector/src/controller.cpp:657
55 [140235741583232] INFO perfrun.perfcollector <> - pmu added : family : uncore_cbox , id : 3
55 [140235741583232] INFO perfrun.perfcollector <> - dir found : /sys/bus/event_source/devices/uncore_cbox_4
55 [140235741583232] INFO perfrun.perfcollector <> - format: inv config:23 mask:23
55 [140235741583232] INFO perfrun.perfcollector <> - format: edge config:18 mask:18
55 [140235741583232] INFO perfrun.perfcollector <> - format: event config:0-7 mask:0-7
55 [140235741583232] INFO perfrun.perfcollector <> - format: umask config:8-15 mask:8-15
55 [140235741583232] INFO perfrun.perfcollector <> - format: filter_nid config1:10-17 mask:10-17
55 [140235741583232] INFO perfrun.perfcollector <> - format: filter_opc config1:23-31 mask:23-31
55 [140235741583232] INFO perfrun.perfcollector <> - format: filter_tid config1:0-4 mask:0-4
55 [140235741583232] INFO perfrun.perfcollector <> - format: tid_en config:19 mask:19
55 [140235741583232] INFO perfrun.perfcollector <> - format: thresh config:24-31 mask:24-31
55 [140235741583232] INFO perfrun.perfcollector <> - format: filter_state config1:18-22 mask:18-22
55 [140235741583232] WARN perfrun.perfcollector <> - pmu hwInfo is not set, at file: vcs/perfrun1/plugins/perfcollector/src/controller.cpp:657
55 [140235741583232] INFO perfrun.perfcollector <> - pmu added : family : uncore_cbox , id : 4
55 [140235741583232] INFO perfrun.perfcollector <> - dir found : /sys/bus/event_source/devices/uncore_cbox_5
55 [140235741583232] INFO perfrun.perfcollector <> - format: inv config:23 mask:23
55 [140235741583232] INFO perfrun.perfcollector <> - format: edge config:18 mask:18
55 [140235741583232] INFO perfrun.perfcollector <> - format: event config:0-7 mask:0-7
55 [140235741583232] INFO perfrun.perfcollector <> - format: umask config:8-15 mask:8-15
55 [140235741583232] INFO perfrun.perfcollector <> - format: filter_nid config1:10-17 mask:10-17
55 [140235741583232] INFO perfrun.perfcollector <> - format: filter_opc config1:23-31 mask:23-31
56 [140235741583232] INFO perfrun.perfcollector <> - format: filter_tid config1:0-4 mask:0-4
56 [140235741583232] INFO perfrun.perfcollector <> - format: tid_en config:19 mask:19
56 [140235741583232] INFO perfrun.perfcollector <> - format: thresh config:24-31 mask:24-31
56 [140235741583232] INFO perfrun.perfcollector <> - format: filter_state config1:18-22 mask:18-22
56 [140235741583232] WARN perfrun.perfcollector <> - pmu hwInfo is not set, at file: vcs/perfrun1/plugins/perfcollector/src/controller.cpp:657
56 [140235741583232] INFO perfrun.perfcollector <> - pmu added : family : uncore_cbox , id : 5
56 [140235741583232] INFO perfrun.perfcollector <> - dir found : /sys/bus/event_source/devices/uncore_cbox_6
56 [140235741583232] INFO perfrun.perfcollector <> - format: inv config:23 mask:23
56 [140235741583232] INFO perfrun.perfcollector <> - format: edge config:18 mask:18
56 [140235741583232] INFO perfrun.perfcollector <> - format: event config:0-7 mask:0-7
56 [140235741583232] INFO perfrun.perfcollector <> - format: umask config:8-15 mask:8-15
56 [140235741583232] INFO perfrun.perfcollector <> - format: filter_nid config1:10-17 mask:10-17
56 [140235741583232] INFO perfrun.perfcollector <> - format: filter_opc config1:23-31 mask:23-31
56 [140235741583232] INFO perfrun.perfcollector <> - format: filter_tid config1:0-4 mask:0-4
56 [140235741583232] INFO perfrun.perfcollector <> - format: tid_en config:19 mask:19
56 [140235741583232] INFO perfrun.perfcollector <> - format: thresh config:24-31 mask:24-31
56 [140235741583232] INFO perfrun.perfcollector <> - format: filter_state config1:18-22 mask:18-22
56 [140235741583232] WARN perfrun.perfcollector <> - pmu hwInfo is not set, at file: vcs/perfrun1/plugins/perfcollector/src/controller.cpp:657
56 [140235741583232] INFO perfrun.perfcollector <> - pmu added : family : uncore_cbox , id : 6
56 [140235741583232] INFO perfrun.perfcollector <> - dir found : /sys/bus/event_source/devices/uncore_cbox_7
56 [140235741583232] INFO perfrun.perfcollector <> - format: inv config:23 mask:23
56 [140235741583232] INFO perfrun.perfcollector <> - format: edge config:18 mask:18
57 [140235741583232] INFO perfrun.perfcollector <> - format: event config:0-7 mask:0-7
57 [140235741583232] INFO perfrun.perfcollector <> - format: umask config:8-15 mask:8-15
57 [140235741583232] INFO perfrun.perfcollector <> - format: filter_nid config1:10-17 mask:10-17
57 [140235741583232] INFO perfrun.perfcollector <> - format: filter_opc config1:23-31 mask:23-31
57 [140235741583232] INFO perfrun.perfcollector <> - format: filter_tid config1:0-4 mask:0-4
57 [140235741583232] INFO perfrun.perfcollector <> - format: tid_en config:19 mask:19
57 [140235741583232] INFO perfrun.perfcollector <> - format: thresh config:24-31 mask:24-31
57 [140235741583232] INFO perfrun.perfcollector <> - format: filter_state config1:18-22 mask:18-22
57 [140235741583232] WARN perfrun.perfcollector <> - pmu hwInfo is not set, at file: vcs/perfrun1/plugins/perfcollector/src/controller.cpp:657
57 [140235741583232] INFO perfrun.perfcollector <> - pmu added : family : uncore_cbox , id : 7
57 [140235741583232] INFO perfrun.perfcollector <> - dir found : /sys/bus/event_source/devices/uncore_ha
57 [140235741583232] INFO perfrun.perfcollector <> - format: inv config:23 mask:23
57 [140235741583232] INFO perfrun.perfcollector <> - format: edge config:18 mask:18
57 [140235741583232] INFO perfrun.perfcollector <> - format: event config:0-7 mask:0-7
57 [140235741583232] INFO perfrun.perfcollector <> - format: umask config:8-15 mask:8-15
57 [140235741583232] INFO perfrun.perfcollector <> - format: thresh config:24-31 mask:24-31
57 [140235741583232] WARN perfrun.perfcollector <> - pmu hwInfo is not set, at file: vcs/perfrun1/plugins/perfcollector/src/controller.cpp:657
57 [140235741583232] INFO perfrun.perfcollector <> - pmu added : family : uncore_ha , id : 0
57 [140235741583232] INFO perfrun.perfcollector <> - dir found : /sys/bus/event_source/devices/uncore_r2pcie
57 [140235741583232] INFO perfrun.perfcollector <> - format: inv config:23 mask:23
57 [140235741583232] INFO perfrun.perfcollector <> - format: edge config:18 mask:18
58 [140235741583232] INFO perfrun.perfcollector <> - format: event config:0-7 mask:0-7
58 [140235741583232] INFO perfrun.perfcollector <> - format: umask config:8-15 mask:8-15
58 [140235741583232] INFO perfrun.perfcollector <> - format: thresh config:24-31 mask:24-31
58 [140235741583232] WARN perfrun.perfcollector <> - pmu hwInfo is not set, at file: vcs/perfrun1/plugins/perfcollector/src/controller.cpp:657
58 [140235741583232] INFO perfrun.perfcollector <> - pmu added : family : uncore_r2pcie , id : 0
58 [140235741583232] INFO perfrun.perfcollector <> - dir found : /sys/bus/event_source/devices/uncore_r3qpi_0
58 [140235741583232] INFO perfrun.perfcollector <> - format: inv config:23 mask:23
58 [140235741583232] INFO perfrun.perfcollector <> - format: edge config:18 mask:18
58 [140235741583232] INFO perfrun.perfcollector <> - format: event config:0-7 mask:0-7
58 [140235741583232] INFO perfrun.perfcollector <> - format: umask config:8-15 mask:8-15
58 [140235741583232] INFO perfrun.perfcollector <> - format: thresh config:24-31 mask:24-31
58 [140235741583232] WARN perfrun.perfcollector <> - pmu hwInfo is not set, at file: vcs/perfrun1/plugins/perfcollector/src/controller.cpp:657
58 [140235741583232] INFO perfrun.perfcollector <> - pmu added : family : uncore_r3qpi , id : 0
58 [140235741583232] INFO perfrun.perfcollector <> - dir found : /sys/bus/event_source/devices/uncore_r3qpi_1
58 [140235741583232] INFO perfrun.perfcollector <> - format: inv config:23 mask:23
58 [140235741583232] INFO perfrun.perfcollector <> - format: edge config:18 mask:18
58 [140235741583232] INFO perfrun.perfcollector <> - format: event config:0-7 mask:0-7
58 [140235741583232] INFO perfrun.perfcollector <> - format: umask config:8-15 mask:8-15
58 [140235741583232] INFO perfrun.perfcollector <> - format: thresh config:24-31 mask:24-31
58 [140235741583232] WARN perfrun.perfcollector <> - pmu hwInfo is not set, at file: vcs/perfrun1/plugins/perfcollector/src/controller.cpp:657
58 [140235741583232] INFO perfrun.perfcollector <> - pmu added : family : uncore_r3qpi , id : 1
58 [140235741583232] INFO perfrun.perfcollector <> - dir found : /sys/bus/event_source/devices/intel_bts
58 [140235741583232] WARN perfrun.perfcollector <> - format subdir doesn't exist, at file: vcs/perfrun1/plugins/perfcollector/src/controller.cpp:578
58 [140235741583232] WARN perfrun.perfcollector <> - pmu hwInfo is not set, at file: vcs/perfrun1/plugins/perfcollector/src/controller.cpp:657
59 [140235741583232] INFO perfrun.perfcollector <> - pmu added : family : intel_bts , id : 0
59 [140235741583232] INFO perfrun.perfcollector <> - dir found : /sys/bus/event_source/devices/breakpoint
59 [140235741583232] WARN perfrun.perfcollector <> - format subdir doesn't exist, at file: vcs/perfrun1/plugins/perfcollector/src/controller.cpp:578
59 [140235741583232] WARN perfrun.perfcollector <> - pmu hwInfo is not set, at file: vcs/perfrun1/plugins/perfcollector/src/controller.cpp:657
59 [140235741583232] INFO perfrun.perfcollector <> - pmu added : family : breakpoint , id : 0
59 [140235741583232] INFO perfrun.perfcollector <> - dir found : /sys/bus/event_source/devices/uncore_ubox
59 [140235741583232] INFO perfrun.perfcollector <> - format: inv config:23 mask:23
59 [140235741583232] INFO perfrun.perfcollector <> - format: edge config:18 mask:18
59 [140235741583232] INFO perfrun.perfcollector <> - format: event config:0-7 mask:0-7
59 [140235741583232] INFO perfrun.perfcollector <> - format: umask config:8-15 mask:8-15
59 [140235741583232] INFO perfrun.perfcollector <> - format: thresh config:24-28 mask:24-28
59 [140235741583232] WARN perfrun.perfcollector <> - pmu hwInfo is not set, at file: vcs/perfrun1/plugins/perfcollector/src/controller.cpp:657
59 [140235741583232] INFO perfrun.perfcollector <> - pmu added : family : uncore_ubox , id : 0
59 [140235741583232] INFO perfrun.launcher <> - plugin perf has been added successfully
59 [140235741583232] INFO perfrun.launcher <> - plugin tpss has been added successfully
59 [140235741583232] INFO perfrun.launcher <> - plugin cuscol has been added successfully
59 [140235741583232] INFO perfrun.launcher <> - plugin exprof has been added successfully
60 [140235741583232] INFO perfrun.launcher <> - plugin dpdk has been added successfully
60 [140235741583232] INFO perfrun.launcher <> - plugin media has been added successfully
60 [140235741583232] INFO perfrun.launcher <> - plugin commcollector has been added successfully
60 [140235741583232] INFO perfrun.launcher <> - plugin cve has been added successfully
60 [140235741583232] INFO perfrun.launcher <> - the option was added --interval: Specify an interval of data collection (for example, sampling) in milliseconds.
60 [140235741583232] INFO perfrun.launcher <> - the option was added --follow-child: Profile process with or without children.
60 [140235741583232] INFO perfrun.launcher <> - the option was added --gelding: BADMSG: perfrun1.launcher.plugin_manager::gelding
61 [140235741583232] INFO perfrun.launcher <> - the option was added --time-source: Specify time source for measurement. Possible values: sys - wall clock time; tsc - time stamp counter; ext - time from an external source; auto - auto select accurate time source.
61 [140235741583232] INFO perfrun.launcher <> - the option was added --stack: Enable or disable collection of stacks.
61 [140235741583232] INFO perfrun.launcher <> - the option was added --stack-stitching: Enable or disable the stack stitching algorithm for Intel TBB-based applications.
61 [140235741583232] INFO perfrun.launcher <> - the option was added --type: Specify type of data to be collected. For example, --type cpu:counters,waiting:nostack,io.
61 [140235741583232] INFO perfrun.launcher <> - the option was added --mrte-mode: Specify Java/.NET/other managed runtime collection mode. Possible values: native - collect information only for native code; managed - collect information only for managed code; mixed - collect information for both managed and native code; auto - choose the mode based on binary type.
61 [140235741583232] INFO perfrun.launcher <> - the option was added --mrte-mode-list: List supported Java/.NET/other managed runtime collection modes.
61 [140235741583232] INFO perfrun.launcher <> - the option was added --mrte-type: Specify which managed runtimes to collect. Possible values: java - collect information for Java; dotnet - collect information for .NET; python - collect information for CPython. You can specify several values separated by comma.
61 [140235741583232] INFO perfrun.launcher <> - the option was added --mrte-type-list: List supported Java/.NET/other managed runtime types.
61 [140235741583232] INFO perfrun.launcher <> - the option was added --trace-strategy: Specify how to profile a process tree. <string> can be "<process>:trace:notrace" - profile the process but do not profile its children. Shorthand parameters: t - trace, nt - notrace. For example, "vtunedemo.exe:t:t".
61 [140235741583232] INFO perfrun.launcher <> - the option was added --collector: BADMSG: perfrun1.launcher.plugin_manager::collector
61 [140235741583232] INFO perfrun.launcher <> - the option was added --system-wide: Enable system-wide profiling. This mode may require additional permissions.
61 [140235741583232] INFO perfrun.launcher <> - the option was added --kvm-guest: Enable KVM guest OS profiling.
61 [140235741583232] INFO perfrun.launcher <> - the option was added --kvm-guest-kallsyms: Specify a local path to the /proc/kallsyms file copied from the guest OS for proper symbol resolution.
61 [140235741583232] INFO perfrun.launcher <> - the option was added --kvm-guest-modules: Specify a local path to the /proc/modules file copied from the guest OS for proper symbol resolution.
61 [140235741583232] INFO perfrun.launcher <> - the option was added --target-system: BADMSG: perfrun1.launcher.plugin_manager::target-system
62 [140235741583232] INFO perfrun.launcher <> - the option was added --dump-vdso: Dump [vdso] to result directory
62 [140235741583232] INFO perfrun.launcher <> - the option was added --bandwidth-limits: Measure bandwidth limits
62 [140235741583232] INFO perfrun.launcher <> - the option was added --bandwidth-strategy: Bandwidth limits determination specific properties (example: --bandwidth-strategy array-size=0,duration=500).
62 [140235741583232] INFO perfrun.launcher <> - the option was added --bandwidth-config: List of benchmarks to run.
62 [140235741583232] INFO perfrun.launcher <> - the option was added --system-collector-config: Specify subcollectors. Possible values: all, vdso, container, device-info, none.
62 [140235741583232] INFO perfrun.launcher <> - the option was added --itt-config: Specify a sub-set of ITT API to collect.
62 [140235741583232] INFO perfrun.launcher <> - the option was added --itt-debug: Set pseudo-breakpoint at ITT API collector's start to enable the debugger to attach early.
62 [140235741583232] INFO perfrun.launcher <> - the option was added --itt-ring-buffer-multiplier: The size of internal ITT API collector ring buffer, in bytes per second
62 [140235741583232] INFO perfrun.launcher <> - the option was added --ptrace: Ptrace collector.
62 [140235741583232] INFO perfrun.launcher <> - the option was added --target-pid: BADMSG: perfrun1.ptracecollector::target-pid
62 [140235741583232] INFO perfrun.launcher <> - the option was added --ptrace-server-pid: BADMSG: perfrun1.ptracecollector::ptrace-server-pid
62 [140235741583232] INFO perfrun.launcher <> - the option was added --ptrace-trace: BADMSG: perfrun1.ptracecollector::ptrace-trace
62 [140235741583232] INFO perfrun.launcher <> - the option was added --ptrace-time-source: BADMSG: perfrun1.ptracecollector::ptrace-time-source
62 [140235741583232] INFO perfrun.launcher <> - the option was added --ptrace-start-type: BADMSG: perfrun1.ptracecollector::ptrace-start-type
62 [140235741583232] INFO perfrun.launcher <> - the option was added --gpu-config: Specify types of GPU data to be collected. Possible values: preset1, preset2.
63 [140235741583232] INFO perfrun.launcher <> - the option was added --gpu-debug: Enable self-testing of the GPGPU profiling collector.
63 [140235741583232] INFO perfrun.launcher <> - the option was added --stdsrc-config: Specify Standard Sources category tag(s).
63 [140235741583232] INFO perfrun.launcher <> - the option was added --ftrace-config-list: List Linux Ftrace category tag(s).
63 [140235741583232] INFO perfrun.launcher <> - the option was added --ftrace-config: Specify Linux Ftrace category tag(s).
63 [140235741583232] INFO perfrun.launcher <> - the option was added --ftrace-function-groups: Enable tracing of specific groups of functions.
63 [140235741583232] INFO perfrun.launcher <> - the option was added --event-info: BADMSG: perfrun1.stdsrc::event-info
63 [140235741583232] INFO perfrun.launcher <> - the option was added --cpu-list: List supported CPUs.
63 [140235741583232] INFO perfrun.launcher <> - the option was added --target-list: List available targets for performing sampling collection.
63 [140235741583232] INFO perfrun.launcher <> - the option was added --event-value-list: Display event information.
63 [140235741583232] INFO perfrun.launcher <> - the option was added --platform-value-list: Display details of supported platforms.
63 [140235741583232] INFO perfrun.launcher <> - the option was added --uncore-event-list: List uncore events for which a sampling data collection can be performed on this platform.
63 [140235741583232] INFO perfrun.launcher <> - the option was added --modifier-list: Specify the event name <string> for which the modifiers list is requested.
63 [140235741583232] INFO perfrun.launcher <> - the option was added --pmu-list: List supported PMUs.
63 [140235741583232] INFO perfrun.launcher <> - the option was added --os-mode-only: Enable sampling data collection for OS-mode processes only.
63 [140235741583232] INFO perfrun.launcher <> - the option was added --user-mode-only: Enable sampling data collection for user-mode processes only.
64 [140235741583232] INFO perfrun.launcher <> - the option was added --event-config: Perform data collection for the events with <string> configured using the format <event name1>":modifier1=val:modifier2=val/constraint1={:modifier3=val:modifier4=val}...,"<event name2>":... Specify the events(s) to monitor and embed the event names within double quotes("). [:modifier=val] specifies individual event modifiers along with the respective values for a given platform. Note that the modifiers can be generic to an event as well as specific to a constraint (or an event qualifier). The constraint specific special modifiers appear after [/constraint=]. The modifiers can be in decimal or hexadecimal format. Only specific modifiers accept the value as a string. Each event specification is delimited by a comma (,). For a list of supported modifiers and constraints, refer to the documentation.
64 [140235741583232] INFO perfrun.launcher <> - the option was added --chipset-event-config: BADMSG: perfrun1.sep::chipset-event-config
64 [140235741583232] INFO perfrun.launcher <> - the option was added --uncore-event-config: Perform uncore data collection in ebc count mode for the events with <string> configured using the format "<event name1>"...,"<event name2>":... Specify the events(s) to monitor and embed the event names within double quotes(").
64 [140235741583232] INFO perfrun.launcher <> - the option was added --count-emon: Enable counting mode and output the data in EMON format.
64 [140235741583232] INFO perfrun.launcher <> - the option was added --event-based-counts: Enable event-based counting mode. During sampling data collection, event counts data is collected for the list of events specified in -event-config option.
64 [140235741583232] INFO perfrun.launcher <> - the option was added --event-mux-tfactor: Specify the event multiplexing tfactor as <integer> to set the length of the interval between interrupts. The larger the tfactor value, the larger the period between interrupts. Currently this option is only available on Intel platforms codenamed Knights Corner.
64 [140235741583232] INFO perfrun.launcher <> - the option was added --full-pebs-capture: Capture full pebs information.
64 [140235741583232] INFO perfrun.launcher <> - the option was added --last-branch-records: Capture Last Branch Records information.
64 [140235741583232] INFO perfrun.launcher <> - the option was added --pmu-type: Specify the targeted PMU name as <string>.
64 [140235741583232] INFO perfrun.launcher <> - the option was added --platform-type: Specify the targeted platform number as <number>.
64 [140235741583232] INFO perfrun.launcher <> - the option was added --bts-count: Specify the <integer> number of BTS records collected after each sample or context switch (VTSS++ only).
64 [140235741583232] INFO perfrun.launcher <> - the option was added --cpu-mask: Specify which CPU(s) <string> to collect data on. For example, specify "2-8,10,12-14" to sample only CPUs 2 through 8, 10, and 12 through 14.
64 [140235741583232] INFO perfrun.launcher <> - the option was added --event-mux-alg: Specify the event multiplexing algorithm. Possible values: sequence, timer, trigger.
64 [140235741583232] INFO perfrun.launcher <> - the option was added --event-mux-timeslice: Specify the event multiplexing time slice value as <integer>. The time slice specifies the duration between cycles for each event multiplexing group. The default value is 50 milliseconds. This option is valid only for timer-based event multiplexing. Specify the event multiplexing time slice value as <integer>. The time slice specifies the duration between cycles for each event multiplexing group. The default value is 1 millisecond. This option is valid only for timer-based event multiplexing.
64 [140235741583232] INFO perfrun.launcher <> - the option was added --event-mux-factor: Specify the event multiplexing factor as <integer>. It controls the switching of event multiplexing groups. The default factor is 50. This option is valid only for trigger-based event multiplexing. Specify the event multiplexing factor as <integer>. It controls the switching of event multiplexing groups. The default factor is 1. This option is valid only for trigger-based event multiplexing.
65 [140235741583232] INFO perfrun.launcher <> - the option was added --event-mux-trigger: Specify the name of the trigger event for event multiplexing as <string>. This option is valid only for trigger-based event multiplexing. The default trigger is CPU_CLK_UNHALTED.CORE (or CPU_CLK_UNHALTED.THREAD). BADMSG: perfrun1.vtsspp::event-mux-trigger
65 [140235741583232] INFO perfrun.launcher <> - the option was added --pwr-config: BADMSG: perfrun1.vtsspp::pwr-config
65 [140235741583232] INFO perfrun.launcher <> - the option was added --sys-config: BADMSG: perfrun1.vtsspp::sys-config
65 [140235741583232] INFO perfrun.launcher <> - the option was added --pt-mode: BADMSG: perfrun1.vtsspp::pt-mode
65 [140235741583232] INFO perfrun.launcher <> - the option was added --sample-after-multiplier: Specify the sample after multiplier as <double>. This multiplier modifies the sample after value for all the events specified in -event-config option. The values can range from 0.1 to 100.0. SAV multiplier value
65 [140235741583232] INFO perfrun.launcher <> - the option was added --uncore-sampling-interval: Specify the uncore sampling interval as <integer>. This value set the uncore sampling interval for all the uncore events specified in -event-config option.
65 [140235741583232] INFO perfrun.launcher <> - the option was added --count: Enable counting mode. Enable counting mode
65 [140235741583232] INFO perfrun.launcher <> - the option was added --trace-mpi: Configure collector to trace MPI code.
65 [140235741583232] INFO perfrun.launcher <> - the option was added --raw-perf-config: Specify a verified configuration for the Perf collector in the format: <describer>,<content>. For example: map-events-file,<path_to_map_events_file>.
65 [140235741583232] INFO perfrun.launcher <> - the option was added --stackwalk: Specify stack unwinding method. Possible values: online - unwind stacks during collection; offline - unwind stacks after collection is finished. Specify stack unwinding method. Possible value: lbr - unwind stacks during collection. Specify stack unwinding method. Possible values: online - unwind stacks during collection; offline - unwind stacks after collection is finished; lbr - enable LBR-based call stack collection. Specify stack unwinding method. Possible values: online - unwind stacks during collection; offline - unwind stacks after collection is finished. Specify stack unwinding method. Possible values: online - unwind stacks during collection; offline - unwind stacks after collection is finished.
65 [140235741583232] INFO perfrun.launcher <> - the option was added --filter-include: Filter data during collection. Possible values: contended=<on|off> - filter out uncontended events; contended_nostack=<time> - filter out stacks for contended events that take less than <time> microseconds; wait=<time> - ignore transitions and blocks with wait time less than <time> microseconds; wait_nostack=<time> - filter out stacks for waits that take less than <time> microseconds.
65 [140235741583232] INFO perfrun.launcher <> - the option was added --debug-pin: Debug PIN tool and runtime.
65 [140235741583232] INFO perfrun.launcher <> - the option was added --debug-exception: Disallow the application to set own abnormal termination handler.
65 [140235741583232] INFO perfrun.launcher <> - the option was added --trace-type: Specify the trace file granularity. Possible values: per-thread - per-thread trace file generation; per-process - per-process trace file generation.
65 [140235741583232] INFO perfrun.launcher <> - the option was added --instrumentation-type: Specify type of instrumentation.
66 [140235741583232] INFO perfrun.launcher <> - the option was added --altstack: Enable or disable usage of altstacks for profiling signal handlers.
66 [140235741583232] INFO perfrun.launcher <> - the option was added --profiling-signal: BADMSG: perfrun1.ptracecollector::profiling-signal Alternate profiling signal.
66 [140235741583232] INFO perfrun.launcher <> - the option was added --memory-strategy: Specify a minimal memory object size to be traced and a hash table size for faster objects search; for example: --memory-strategy obj-size-min=1024,hash-table-size=4096.
66 [140235741583232] INFO perfrun.launcher <> - the option was added --gpu-profiling-config: Specify a type of deep GPU profiling applied for all kernels and a comma-separated list of GPU kernel names and invocations in the following format: profiling_type[@kernel_name[:start_idx:step:stop_idx]], where profiling_type is one of following: none, bblatency, memlatency; kernel_name is the name of GPU kernel; start_idx is the number of the first invocation; and stop_idx is the number of the last invocation to be profiled.
66 [140235741583232] INFO perfrun.launcher <> - the option was added --custom-collector: Allows to provide arbitrary command line to be run on collection steps.
66 [140235741583232] INFO perfrun.launcher <> - the option was added --exprof-com-list: List available COM ports.
66 [140235741583232] INFO perfrun.launcher <> - the option was added --exprof-dvc-list: List available DvC IDs.
66 [140235741583232] INFO perfrun.launcher <> - the option was added --exprof-trace-channel: BADMSG: perfrun1.exprof::exprof-trace-channel
66 [140235741583232] INFO perfrun.launcher <> - the option was added --exprof-event-config: Specify ExactProfiling Event Classes.
66 [140235741583232] INFO perfrun.launcher <> - the option was added --analyze-dpdk: analyze-dpdk
66 [140235741583232] INFO perfrun.launcher <> - the option was added --network-sampling-interval: network-sampling-interval
66 [140235741583232] INFO perfrun.launcher <> - the option was added --dpdk-file-prefix: dpdk-file-prefix
70 [140235741583232] INFO perfrun.launcher <> - create msngr2::ICliToolContext
71 [140235741583232] INFO perfrun.launcher <> - create file finder object
71 [140235741583232] INFO perfrun.launcher <> - create a result directory: pattern = /home/wwei/tests/SLNN/Python_vs_Phylanx/07AUG2018/VTune1/r000hs pid = 4294967295
75 [140235741583232] INFO perfrun.sdk <> - checked that the directory /home/wwei/tests/SLNN/Python_vs_Phylanx/07AUG2018/VTune1/r000hs is a local directory
75 [140235741583232] INFO perfrun.sdk <> - the directory /home/wwei/tests/SLNN/Python_vs_Phylanx/07AUG2018/VTune1/r000hs is located on a share or its FS ID is unknown 26985
76 [140235741583232] INFO perfrun.launcher <> - Create a local result directory /tmp/amplxe-tmp-wwei/amplxe-res-17415-7236802000363230 due to the user result path /home/wwei/tests/SLNN/Python_vs_Phylanx/07AUG2018/VTune1/r000hs is located on a share
76 [140235741583232] INFO perfrun.launcher <> - create data directory = /tmp/amplxe-tmp-wwei/amplxe-res-17415-7236802000363230/data.0
76 [140235741583232] INFO perfrun.launcher <> - create data directory = /home/wwei/tests/SLNN/Python_vs_Phylanx/07AUG2018/VTune1/r000hs/data.0
88 [140235619280640] INFO perfrun.sdk <> - Allocating TMU :/tmp/amplxe-tmp-wwei/amplxe-res-17415-7236802000363230/data.0/systemcollector-17415-marvin11.sc
88 [140235619280640] INFO perfrun.system <> - Tpss based collection
89 [140235619280640] INFO perfrun.launcher <> - plugin [ptracecollector] was disabled because it doesn't support the given collection type.
89 [140235619280640] INFO perfrun.launcher <> - plugin [gpu] was disabled because it doesn't support the given collection type.
89 [140235619280640] INFO perfrun.launcher <> - plugin [] was disabled because it doesn't support the given collection type.
89 [140235619280640] INFO perfrun.launcher <> - plugin [] was disabled because it doesn't support the given collection type.
89 [140235619280640] INFO perfrun.launcher <> - plugin [] was disabled because it doesn't support the given collection type.
89 [140235619280640] INFO perfrun.launcher <> - plugin [mrte] was disabled because it doesn't support the given collection type.
89 [140235619280640] INFO perfrun.launcher <> - plugin [emon] was disabled because it doesn't support the given collection type.
89 [140235619280640] INFO perfrun.launcher <> - plugin [stdsrc] was disabled because it doesn't support the given collection type.
89 [140235619280640] INFO perfrun.launcher <> - plugin [sep] was disabled because it doesn't support the given collection type.
90 [140235619280640] INFO perfrun.launcher <> - plugin [vtsspp] was disabled because it doesn't support the given collection type.
97 [140235619280640] INFO perfrun.launcher <> - plugin [perf] was disabled because it doesn't support the given collection type.
97 [140235619280640] INFO perfrun.tpss <> - initialize tpss controller
97 [140235619280640] INFO perfrun.tpss <> - configure collection mode: value = cpu:counters:nostack
97 [140235619280640] INFO perfrun.tpss <> - configure collection mode: value = cpu:stack
97 [140235619280640] INFO perfrun.tpss <> - default obj-size-min=1024
97 [140235619280640] INFO perfrun.tpss <> - default hash-table-size=0
212 [140235619280640] INFO perfrun.launcher <> - plugin [cuscol] was disabled because it doesn't support the given collection type.
220 [140235619280640] INFO perfrun.launcher <> - plugin [exprof] was disabled because it doesn't support the given collection type.
220 [140235619280640] INFO perfrun.launcher <> - plugin [dpdk] was disabled because it doesn't support the given collection type.
220 [140235619280640] INFO perfrun.commcollector <> - Disabling commcollector because integrity connection type is not used
220 [140235619280640] INFO perfrun.launcher <> - plugin [commcollector] was disabled because it doesn't support the given collection type.
220 [140235619280640] INFO perfrun.launcher <> - plugin [cve] was disabled because it doesn't support the given collection type.
221 [140235741583232] INFO perfrun.launcher <> - set environment variable: LD_LIBRARY_PATH = /opt/eb/software/VTune/2018_update2/vtune_amplifier_2018.2.0.551022/lib32/runtime:/opt/eb/software/VTune/2018_update2/vtune_amplifier_2018.2.0.551022/lib64/runtime:/opt/mn/gperftools/2.7/lib:/opt/rh/rh-python35/root/usr/lib64:/opt/rh/rh-python35/root/usr/lib:/opt/eb/software/git/2.8.3/lib64:/opt/mn/gcc/6.4.0/lib/gcc/x86_64-redhat-linux/6.4.0:/opt/mn/gcc/6.4.0/lib64:/opt/mn/gcc/6.4.0/lib:/opt/boost/1.64.0-gcc6.4.0/release/lib
221 [140235741583232] INFO perfrun.launcher <> - set environment variable: INTEL_LIBITTNOTIFY32 = /opt/eb/software/VTune/2018_update2/vtune_amplifier_2018.2.0.551022/lib32/runtime/libittnotify_collector.so
221 [140235741583232] INFO perfrun.launcher <> - set environment variable: INTEL_LIBITTNOTIFY64 = /opt/eb/software/VTune/2018_update2/vtune_amplifier_2018.2.0.551022/lib64/runtime/libittnotify_collector.so
221 [140235741583232] INFO perfrun.launcher <> - set environment variable: INTEL_ITTNOTIFY_GROUPS = 
221 [140235741583232] INFO perfrun.launcher <> - set environment variable: INTEL_JIT_PROFILER32 = /opt/eb/software/VTune/2018_update2/vtune_amplifier_2018.2.0.551022/lib32/runtime/libittnotify_collector.so
221 [140235741583232] INFO perfrun.launcher <> - set environment variable: INTEL_JIT_PROFILER64 = /opt/eb/software/VTune/2018_update2/vtune_amplifier_2018.2.0.551022/lib64/runtime/libittnotify_collector.so
221 [140235741583232] INFO perfrun.launcher <> - set environment variable: VS_PROFILER = libittnotify_collector.so
221 [140235741583232] INFO perfrun.launcher <> - set environment variable: ENABLE_JITPROFILING = 1
221 [140235741583232] INFO perfrun.launcher <> - set environment variable: CL_CONFIG_USE_VTUNE = True
221 [140235741583232] INFO perfrun.launcher <> - set environment variable: __OCL_MIC_INTEL_LIBITTNOTIFY64 = /amplxe/results/libittnotify_collector.so
221 [140235741583232] INFO perfrun.launcher <> - set environment variable: __OCL_MIC_INTEL_JIT_PROFILER64 = /amplxe/results/libittnotify_collector.so
221 [140235741583232] INFO perfrun.launcher <> - set environment variable: KMP_FORKJOIN_FRAMES = 0
221 [140235741583232] INFO perfrun.launcher <> - set environment variable: KMP_FORKJOIN_FRAMES_MODE = 0
222 [140235741583232] INFO perfrun.launcher <> - RpcServer: run RPC server to handle requests
224 [140235741583232] INFO perfrun.launcher <> - Launcher: command line to start before modification = /home/wwei/src/repos/phylanx/build_RelWithDebInfo/bin/physl nn_physl.physl 0.1 800 2000 --hpx:threads=1 --hpx:bind=balanced --hpx:numa-sensitive
242 [140235741583232] INFO perfrun.launcher <> - Launcher: command line to start after modification = /opt/eb/software/VTune/2018_update2/vtune_amplifier_2018.2.0.551022/bin64/pin -error_file /tmp/amplxe-tmp-wwei/amplxe-res-17415-7236802000363230/data.0/pinerr.tpsslog -detach_reattach -follow_execv -tool_load_option deepbind -t64 /opt/eb/software/VTune/2018_update2/vtune_amplifier_2018.2.0.551022/lib64/libtpsstool.so -t /opt/eb/software/VTune/2018_update2/vtune_amplifier_2018.2.0.551022/lib32/libtpsstool.so -server_name tpss_ipc.17415 -prd_dir /opt/eb/software/VTune/2018_update2/vtune_amplifier_2018.2.0.551022 -- /home/wwei/src/repos/phylanx/build_RelWithDebInfo/bin/physl nn_physl.physl 0.1 800 2000 --hpx:threads=1 --hpx:bind=balanced --hpx:numa-sensitive
242 [140235741583232] INFO perfrun.launcher <> - ProcessCreator object was created
252 [140235741583232] INFO perfrun.launcher <> - Launcher: the process was started in suspend mode
1152 [140235619280640] INFO perfrun.system <> - Helper runtool '/opt/eb/software/VTune/2018_update2/vtune_amplifier_2018.2.0.551022/bin32/amplxe-runss -dump-vdso -r /tmp/amplxe-tmp-wwei/amplxe-res-17415-7236802000363230 --tmp-dir /tmp/amplxe-tmp-wwei' returned 0
1275 [140235619280640] INFO perfrun.system <> - Helper runtool '/opt/eb/software/VTune/2018_update2/vtune_amplifier_2018.2.0.551022/bin64/amplxe-runss -dump-vdso -r /tmp/amplxe-tmp-wwei/amplxe-res-17415-7236802000363230 --tmp-dir /tmp/amplxe-tmp-wwei' returned 0
1279 [140235619280640] WARN perfrun.sdk <> - Failed to find xl binary on any of the system paths: /bin, /sbin, /usr/bin, /usr/sbin., at file: vcs/perfrun1/sdk/src/utils.cpp:433
1279 [140235619280640] WARN perfrun.system <> - Could not start ContainerMapping collector, at file: vcs/perfrun1/plugins/system/src/controller.cpp:496
1286 [140235619280640] INFO perfrun.itt <> - start itt controller for pid #17420
1287 [140235619280640] INFO perfrun.tpss <> - start tpss controller for pid #17420
1337 [140235741583232] INFO perfrun.launcher <> - Launcher: all plugins were started
1338 [140235741583232] INFO perfrun.launcher <> - DirectoryMonitor object was created
1338 [140235741583232] INFO perfrun.launcher <> - DirectoryMonitor: a callback was added
1338 [140235741583232] INFO perfrun.launcher <> - DirectoryMonitor was started with pingTime = 1000
1338 [140235741583232] INFO perfrun.launcher <> - DeadlineTimer is going to be constructed
1338 [140235741583232] INFO perfrun.launcher <> - DeadlineTimer: a callback was added
1357 [140235741583232] INFO perfrun.launcher <> - Launcher: resume the profiled application and  wait its termination or stop command
7206257 [140235741583232] INFO perfrun.launcher <> - Launcher: the profiled application was terminated  with exit code = 0
7206291 [140235619280640] INFO perfrun.itt <> - stop itt controller
7206291 [140235619280640] INFO perfrun.itt <> - detach itt controller
7206291 [140235619280640] INFO perfrun.tpss <> - stop tpss controller
7206292 [140235619280640] ERROR perfrun.launcher <> - media can not perform an operation and will be disabled., at file: vcs/perfrun1/launcher/src/plugin_manager_impl.hpp:426
7206292 [140235619280640] INFO perfrun.sdk <> - De-allocating TMU: /tmp/amplxe-tmp-wwei/amplxe-res-17415-7236802000363230/data.0/systemcollector-17415-marvin11.sc
7206292 [140235619280640] INFO perfrun.system <> - closed the system trace file: /tmp/amplxe-tmp-wwei/amplxe-res-17415-7236802000363230/data.0/systemcollector-17415-marvin11.sc
7206293 [140235741583232] INFO perfrun.launcher <> - Launcher: all plugins were stopped.
7206293 [140235741583232] INFO perfrun.launcher <> - DeadlineTimer is going to be destroyed
7206293 [140235741583232] INFO perfrun.launcher <> - DirectoryMonitor object was destroyed
7206293 [140235741583232] WARN perfrun.launcher <> - Stop command is ignored because it is received when collection is already stopped, at file: vcs/perfrun1/launcher/src/command_handler.cpp:209
7206485 [140235741583232] INFO perfrun.launcher <> - Application exit code: 0
7206485 [140235741583232] INFO perfrun.launcher <> - Exit code: 0
