318 [4127377152] INFO perfrun.launcher <> - argc = 6; cmdline = /opt/eb/software/VTune/2018_update2/vtune_amplifier_2018.2.0.551022/bin32/amplxe-runss -dump-vdso -r /tmp/amplxe-tmp-wwei/amplxe-res-38179-5054191067481339 --tmp-dir /tmp/amplxe-tmp-wwei 
344 [4127377152] INFO perfrun.launcher <> - plugin system has been added successfully
344 [4127377152] INFO perfrun.launcher <> - plugin itt has been added successfully
345 [4127377152] INFO perfrun.launcher <> - plugin ptracecollector has been added successfully
345 [4127377152] INFO perfrun.launcher <> - plugin gpu has been added successfully
345 [4127377152] INFO perfrun.launcher <> - plugin  has been added successfully
345 [4127377152] INFO perfrun.launcher <> - plugin  has been added successfully
345 [4127377152] INFO perfrun.launcher <> - plugin  has been added successfully
345 [4127377152] INFO perfrun.launcher <> - plugin mrte has been added successfully
345 [4127377152] INFO perfrun.launcher <> - plugin emon has been added successfully
346 [4127377152] INFO perfrun.launcher <> - plugin stdsrc has been added successfully
346 [4127377152] INFO perfrun.launcher <> - plugin sep has been added successfully
347 [4127377152] INFO perfrun.launcher <> - plugin vtsspp has been added successfully
361 [4127377152] INFO perfrun.sdk <> - Reading value (2) from file: /proc/sys/kernel/perf_event_paranoid
367 [4127377152] INFO perfrun.perfcollector <> - cpu: family = 6 model = 45
367 [4127377152] INFO perfrun.perfcollector <> - dir found : /sys/bus/event_source/devices/cpu
368 [4127377152] INFO perfrun.perfcollector <> - format: pc config:19 mask:19
368 [4127377152] INFO perfrun.perfcollector <> - format: any config:21 mask:21
368 [4127377152] INFO perfrun.perfcollector <> - format: inv config:23 mask:23
368 [4127377152] INFO perfrun.perfcollector <> - format: edge config:18 mask:18
368 [4127377152] INFO perfrun.perfcollector <> - format: cmask config:24-31 mask:24-31
368 [4127377152] INFO perfrun.perfcollector <> - format: event config:0-7 mask:0-7
369 [4127377152] INFO perfrun.perfcollector <> - format: in_tx config:32 mask:32
369 [4127377152] INFO perfrun.perfcollector <> - format: ldlat config1:0-15 mask:0-15
369 [4127377152] INFO perfrun.perfcollector <> - format: umask config:8-15 mask:8-15
369 [4127377152] INFO perfrun.perfcollector <> - format: in_tx_cp config:33 mask:33
369 [4127377152] INFO perfrun.perfcollector <> - format: offcore_rsp config1:0-63 mask:0-63
369 [4127377152] INFO perfrun.perfcollector <> - hwInfo : PERF_CPU_PMU_DETAILS
369 [4127377152] INFO perfrun.perfcollector <> - pmu added : family : cpu , id : 0
369 [4127377152] INFO perfrun.perfcollector <> - dir found : /sys/bus/event_source/devices/msr
369 [4127377152] INFO perfrun.perfcollector <> - format: event config:0-63 mask:0-63
369 [4127377152] WARN perfrun.perfcollector <> - pmu hwInfo is not set, at file: vcs/perfrun1/plugins/perfcollector/src/controller.cpp:657
369 [4127377152] INFO perfrun.perfcollector <> - pmu added : family : msr , id : 0
369 [4127377152] INFO perfrun.perfcollector <> - dir found : /sys/bus/event_source/devices/software
369 [4127377152] WARN perfrun.perfcollector <> - format subdir doesn't exist, at file: vcs/perfrun1/plugins/perfcollector/src/controller.cpp:578
369 [4127377152] WARN perfrun.perfcollector <> - pmu hwInfo is not set, at file: vcs/perfrun1/plugins/perfcollector/src/controller.cpp:657
369 [4127377152] INFO perfrun.perfcollector <> - pmu added : family : software , id : 0
369 [4127377152] INFO perfrun.perfcollector <> - dir found : /sys/bus/event_source/devices/power
369 [4127377152] INFO perfrun.perfcollector <> - format: event config:0-7 mask:0-7
369 [4127377152] WARN perfrun.perfcollector <> - pmu hwInfo is not set, at file: vcs/perfrun1/plugins/perfcollector/src/controller.cpp:657
369 [4127377152] INFO perfrun.perfcollector <> - pmu added : family : power , id : 0
370 [4127377152] INFO perfrun.perfcollector <> - dir found : /sys/bus/event_source/devices/uncore_pcu
370 [4127377152] INFO perfrun.perfcollector <> - format: inv config:23 mask:23
370 [4127377152] INFO perfrun.perfcollector <> - format: occ_invert config:30 mask:30
370 [4127377152] INFO perfrun.perfcollector <> - format: edge config:18 mask:18
370 [4127377152] INFO perfrun.perfcollector <> - format: event config:0-7 mask:0-7
370 [4127377152] INFO perfrun.perfcollector <> - format: occ_sel config:14-15 mask:14-15
370 [4127377152] INFO perfrun.perfcollector <> - format: thresh config:24-28 mask:24-28
370 [4127377152] INFO perfrun.perfcollector <> - format: filter_band0 config1:0-7 mask:0-7
370 [4127377152] INFO perfrun.perfcollector <> - format: filter_band1 config1:8-15 mask:8-15
370 [4127377152] INFO perfrun.perfcollector <> - format: filter_band2 config1:16-23 mask:16-23
370 [4127377152] INFO perfrun.perfcollector <> - format: filter_band3 config1:24-31 mask:24-31
370 [4127377152] INFO perfrun.perfcollector <> - format: occ_edge config:14-51 mask:14-51
373 [4127377152] WARN perfrun.perfcollector <> - pmu hwInfo is not set, at file: vcs/perfrun1/plugins/perfcollector/src/controller.cpp:657
373 [4127377152] INFO perfrun.perfcollector <> - pmu added : family : uncore_pcu , id : 0
373 [4127377152] INFO perfrun.perfcollector <> - dir found : /sys/bus/event_source/devices/tracepoint
373 [4127377152] WARN perfrun.perfcollector <> - format subdir doesn't exist, at file: vcs/perfrun1/plugins/perfcollector/src/controller.cpp:578
373 [4127377152] WARN perfrun.perfcollector <> - pmu hwInfo is not set, at file: vcs/perfrun1/plugins/perfcollector/src/controller.cpp:657
373 [4127377152] INFO perfrun.perfcollector <> - pmu added : family : tracepoint , id : 0
373 [4127377152] INFO perfrun.perfcollector <> - dir found : /sys/bus/event_source/devices/uncore_imc_0
373 [4127377152] INFO perfrun.perfcollector <> - format: inv config:23 mask:23
373 [4127377152] INFO perfrun.perfcollector <> - format: edge config:18 mask:18
373 [4127377152] INFO perfrun.perfcollector <> - format: event config:0-7 mask:0-7
373 [4127377152] INFO perfrun.perfcollector <> - format: umask config:8-15 mask:8-15
373 [4127377152] INFO perfrun.perfcollector <> - format: thresh config:24-31 mask:24-31
373 [4127377152] INFO perfrun.perfcollector <> - hwInfo : PERF_IMC_PMU_DETAILS
373 [4127377152] INFO perfrun.perfcollector <> - pmu added : family : uncore_imc , id : 0
374 [4127377152] INFO perfrun.perfcollector <> - dir found : /sys/bus/event_source/devices/uncore_imc_1
374 [4127377152] INFO perfrun.perfcollector <> - format: inv config:23 mask:23
374 [4127377152] INFO perfrun.perfcollector <> - format: edge config:18 mask:18
374 [4127377152] INFO perfrun.perfcollector <> - format: event config:0-7 mask:0-7
374 [4127377152] INFO perfrun.perfcollector <> - format: umask config:8-15 mask:8-15
374 [4127377152] INFO perfrun.perfcollector <> - format: thresh config:24-31 mask:24-31
374 [4127377152] INFO perfrun.perfcollector <> - hwInfo : PERF_IMC_PMU_DETAILS
374 [4127377152] INFO perfrun.perfcollector <> - pmu added : family : uncore_imc , id : 1
374 [4127377152] INFO perfrun.perfcollector <> - dir found : /sys/bus/event_source/devices/uncore_imc_3
374 [4127377152] INFO perfrun.perfcollector <> - format: inv config:23 mask:23
374 [4127377152] INFO perfrun.perfcollector <> - format: edge config:18 mask:18
374 [4127377152] INFO perfrun.perfcollector <> - format: event config:0-7 mask:0-7
374 [4127377152] INFO perfrun.perfcollector <> - format: umask config:8-15 mask:8-15
374 [4127377152] INFO perfrun.perfcollector <> - format: thresh config:24-31 mask:24-31
374 [4127377152] INFO perfrun.perfcollector <> - hwInfo : PERF_IMC_PMU_DETAILS
374 [4127377152] INFO perfrun.perfcollector <> - pmu added : family : uncore_imc , id : 3
374 [4127377152] INFO perfrun.perfcollector <> - dir found : /sys/bus/event_source/devices/uncore_cbox_0
374 [4127377152] INFO perfrun.perfcollector <> - format: inv config:23 mask:23
374 [4127377152] INFO perfrun.perfcollector <> - format: edge config:18 mask:18
375 [4127377152] INFO perfrun.perfcollector <> - format: event config:0-7 mask:0-7
375 [4127377152] INFO perfrun.perfcollector <> - format: umask config:8-15 mask:8-15
375 [4127377152] INFO perfrun.perfcollector <> - format: filter_nid config1:10-17 mask:10-17
375 [4127377152] INFO perfrun.perfcollector <> - format: filter_opc config1:23-31 mask:23-31
375 [4127377152] INFO perfrun.perfcollector <> - format: filter_tid config1:0-4 mask:0-4
375 [4127377152] INFO perfrun.perfcollector <> - format: tid_en config:19 mask:19
375 [4127377152] INFO perfrun.perfcollector <> - format: thresh config:24-31 mask:24-31
375 [4127377152] INFO perfrun.perfcollector <> - format: filter_state config1:18-22 mask:18-22
375 [4127377152] WARN perfrun.perfcollector <> - pmu hwInfo is not set, at file: vcs/perfrun1/plugins/perfcollector/src/controller.cpp:657
375 [4127377152] INFO perfrun.perfcollector <> - pmu added : family : uncore_cbox , id : 0
375 [4127377152] INFO perfrun.perfcollector <> - dir found : /sys/bus/event_source/devices/uncore_cbox_1
375 [4127377152] INFO perfrun.perfcollector <> - format: inv config:23 mask:23
375 [4127377152] INFO perfrun.perfcollector <> - format: edge config:18 mask:18
375 [4127377152] INFO perfrun.perfcollector <> - format: event config:0-7 mask:0-7
375 [4127377152] INFO perfrun.perfcollector <> - format: umask config:8-15 mask:8-15
375 [4127377152] INFO perfrun.perfcollector <> - format: filter_nid config1:10-17 mask:10-17
375 [4127377152] INFO perfrun.perfcollector <> - format: filter_opc config1:23-31 mask:23-31
375 [4127377152] INFO perfrun.perfcollector <> - format: filter_tid config1:0-4 mask:0-4
376 [4127377152] INFO perfrun.perfcollector <> - format: tid_en config:19 mask:19
376 [4127377152] INFO perfrun.perfcollector <> - format: thresh config:24-31 mask:24-31
376 [4127377152] INFO perfrun.perfcollector <> - format: filter_state config1:18-22 mask:18-22
376 [4127377152] WARN perfrun.perfcollector <> - pmu hwInfo is not set, at file: vcs/perfrun1/plugins/perfcollector/src/controller.cpp:657
376 [4127377152] INFO perfrun.perfcollector <> - pmu added : family : uncore_cbox , id : 1
376 [4127377152] INFO perfrun.perfcollector <> - dir found : /sys/bus/event_source/devices/uncore_cbox_2
376 [4127377152] INFO perfrun.perfcollector <> - format: inv config:23 mask:23
376 [4127377152] INFO perfrun.perfcollector <> - format: edge config:18 mask:18
376 [4127377152] INFO perfrun.perfcollector <> - format: event config:0-7 mask:0-7
376 [4127377152] INFO perfrun.perfcollector <> - format: umask config:8-15 mask:8-15
376 [4127377152] INFO perfrun.perfcollector <> - format: filter_nid config1:10-17 mask:10-17
376 [4127377152] INFO perfrun.perfcollector <> - format: filter_opc config1:23-31 mask:23-31
376 [4127377152] INFO perfrun.perfcollector <> - format: filter_tid config1:0-4 mask:0-4
376 [4127377152] INFO perfrun.perfcollector <> - format: tid_en config:19 mask:19
376 [4127377152] INFO perfrun.perfcollector <> - format: thresh config:24-31 mask:24-31
376 [4127377152] INFO perfrun.perfcollector <> - format: filter_state config1:18-22 mask:18-22
376 [4127377152] WARN perfrun.perfcollector <> - pmu hwInfo is not set, at file: vcs/perfrun1/plugins/perfcollector/src/controller.cpp:657
376 [4127377152] INFO perfrun.perfcollector <> - pmu added : family : uncore_cbox , id : 2
376 [4127377152] INFO perfrun.perfcollector <> - dir found : /sys/bus/event_source/devices/uncore_cbox_3
377 [4127377152] INFO perfrun.perfcollector <> - format: inv config:23 mask:23
377 [4127377152] INFO perfrun.perfcollector <> - format: edge config:18 mask:18
377 [4127377152] INFO perfrun.perfcollector <> - format: event config:0-7 mask:0-7
377 [4127377152] INFO perfrun.perfcollector <> - format: umask config:8-15 mask:8-15
377 [4127377152] INFO perfrun.perfcollector <> - format: filter_nid config1:10-17 mask:10-17
377 [4127377152] INFO perfrun.perfcollector <> - format: filter_opc config1:23-31 mask:23-31
377 [4127377152] INFO perfrun.perfcollector <> - format: filter_tid config1:0-4 mask:0-4
377 [4127377152] INFO perfrun.perfcollector <> - format: tid_en config:19 mask:19
377 [4127377152] INFO perfrun.perfcollector <> - format: thresh config:24-31 mask:24-31
377 [4127377152] INFO perfrun.perfcollector <> - format: filter_state config1:18-22 mask:18-22
377 [4127377152] WARN perfrun.perfcollector <> - pmu hwInfo is not set, at file: vcs/perfrun1/plugins/perfcollector/src/controller.cpp:657
377 [4127377152] INFO perfrun.perfcollector <> - pmu added : family : uncore_cbox , id : 3
377 [4127377152] INFO perfrun.perfcollector <> - dir found : /sys/bus/event_source/devices/uncore_cbox_4
377 [4127377152] INFO perfrun.perfcollector <> - format: inv config:23 mask:23
377 [4127377152] INFO perfrun.perfcollector <> - format: edge config:18 mask:18
377 [4127377152] INFO perfrun.perfcollector <> - format: event config:0-7 mask:0-7
377 [4127377152] INFO perfrun.perfcollector <> - format: umask config:8-15 mask:8-15
378 [4127377152] INFO perfrun.perfcollector <> - format: filter_nid config1:10-17 mask:10-17
378 [4127377152] INFO perfrun.perfcollector <> - format: filter_opc config1:23-31 mask:23-31
378 [4127377152] INFO perfrun.perfcollector <> - format: filter_tid config1:0-4 mask:0-4
378 [4127377152] INFO perfrun.perfcollector <> - format: tid_en config:19 mask:19
378 [4127377152] INFO perfrun.perfcollector <> - format: thresh config:24-31 mask:24-31
378 [4127377152] INFO perfrun.perfcollector <> - format: filter_state config1:18-22 mask:18-22
378 [4127377152] WARN perfrun.perfcollector <> - pmu hwInfo is not set, at file: vcs/perfrun1/plugins/perfcollector/src/controller.cpp:657
378 [4127377152] INFO perfrun.perfcollector <> - pmu added : family : uncore_cbox , id : 4
378 [4127377152] INFO perfrun.perfcollector <> - dir found : /sys/bus/event_source/devices/uncore_cbox_5
378 [4127377152] INFO perfrun.perfcollector <> - format: inv config:23 mask:23
378 [4127377152] INFO perfrun.perfcollector <> - format: edge config:18 mask:18
378 [4127377152] INFO perfrun.perfcollector <> - format: event config:0-7 mask:0-7
378 [4127377152] INFO perfrun.perfcollector <> - format: umask config:8-15 mask:8-15
378 [4127377152] INFO perfrun.perfcollector <> - format: filter_nid config1:10-17 mask:10-17
378 [4127377152] INFO perfrun.perfcollector <> - format: filter_opc config1:23-31 mask:23-31
378 [4127377152] INFO perfrun.perfcollector <> - format: filter_tid config1:0-4 mask:0-4
378 [4127377152] INFO perfrun.perfcollector <> - format: tid_en config:19 mask:19
378 [4127377152] INFO perfrun.perfcollector <> - format: thresh config:24-31 mask:24-31
379 [4127377152] INFO perfrun.perfcollector <> - format: filter_state config1:18-22 mask:18-22
379 [4127377152] WARN perfrun.perfcollector <> - pmu hwInfo is not set, at file: vcs/perfrun1/plugins/perfcollector/src/controller.cpp:657
379 [4127377152] INFO perfrun.perfcollector <> - pmu added : family : uncore_cbox , id : 5
379 [4127377152] INFO perfrun.perfcollector <> - dir found : /sys/bus/event_source/devices/uncore_cbox_6
379 [4127377152] INFO perfrun.perfcollector <> - format: inv config:23 mask:23
379 [4127377152] INFO perfrun.perfcollector <> - format: edge config:18 mask:18
379 [4127377152] INFO perfrun.perfcollector <> - format: event config:0-7 mask:0-7
379 [4127377152] INFO perfrun.perfcollector <> - format: umask config:8-15 mask:8-15
379 [4127377152] INFO perfrun.perfcollector <> - format: filter_nid config1:10-17 mask:10-17
379 [4127377152] INFO perfrun.perfcollector <> - format: filter_opc config1:23-31 mask:23-31
379 [4127377152] INFO perfrun.perfcollector <> - format: filter_tid config1:0-4 mask:0-4
379 [4127377152] INFO perfrun.perfcollector <> - format: tid_en config:19 mask:19
379 [4127377152] INFO perfrun.perfcollector <> - format: thresh config:24-31 mask:24-31
379 [4127377152] INFO perfrun.perfcollector <> - format: filter_state config1:18-22 mask:18-22
379 [4127377152] WARN perfrun.perfcollector <> - pmu hwInfo is not set, at file: vcs/perfrun1/plugins/perfcollector/src/controller.cpp:657
379 [4127377152] INFO perfrun.perfcollector <> - pmu added : family : uncore_cbox , id : 6
379 [4127377152] INFO perfrun.perfcollector <> - dir found : /sys/bus/event_source/devices/uncore_cbox_7
379 [4127377152] INFO perfrun.perfcollector <> - format: inv config:23 mask:23
379 [4127377152] INFO perfrun.perfcollector <> - format: edge config:18 mask:18
380 [4127377152] INFO perfrun.perfcollector <> - format: event config:0-7 mask:0-7
380 [4127377152] INFO perfrun.perfcollector <> - format: umask config:8-15 mask:8-15
380 [4127377152] INFO perfrun.perfcollector <> - format: filter_nid config1:10-17 mask:10-17
380 [4127377152] INFO perfrun.perfcollector <> - format: filter_opc config1:23-31 mask:23-31
380 [4127377152] INFO perfrun.perfcollector <> - format: filter_tid config1:0-4 mask:0-4
380 [4127377152] INFO perfrun.perfcollector <> - format: tid_en config:19 mask:19
380 [4127377152] INFO perfrun.perfcollector <> - format: thresh config:24-31 mask:24-31
380 [4127377152] INFO perfrun.perfcollector <> - format: filter_state config1:18-22 mask:18-22
380 [4127377152] WARN perfrun.perfcollector <> - pmu hwInfo is not set, at file: vcs/perfrun1/plugins/perfcollector/src/controller.cpp:657
380 [4127377152] INFO perfrun.perfcollector <> - pmu added : family : uncore_cbox , id : 7
380 [4127377152] INFO perfrun.perfcollector <> - dir found : /sys/bus/event_source/devices/uncore_ha
380 [4127377152] INFO perfrun.perfcollector <> - format: inv config:23 mask:23
380 [4127377152] INFO perfrun.perfcollector <> - format: edge config:18 mask:18
380 [4127377152] INFO perfrun.perfcollector <> - format: event config:0-7 mask:0-7
380 [4127377152] INFO perfrun.perfcollector <> - format: umask config:8-15 mask:8-15
380 [4127377152] INFO perfrun.perfcollector <> - format: thresh config:24-31 mask:24-31
380 [4127377152] WARN perfrun.perfcollector <> - pmu hwInfo is not set, at file: vcs/perfrun1/plugins/perfcollector/src/controller.cpp:657
381 [4127377152] INFO perfrun.perfcollector <> - pmu added : family : uncore_ha , id : 0
381 [4127377152] INFO perfrun.perfcollector <> - dir found : /sys/bus/event_source/devices/uncore_r2pcie
381 [4127377152] INFO perfrun.perfcollector <> - format: inv config:23 mask:23
381 [4127377152] INFO perfrun.perfcollector <> - format: edge config:18 mask:18
381 [4127377152] INFO perfrun.perfcollector <> - format: event config:0-7 mask:0-7
381 [4127377152] INFO perfrun.perfcollector <> - format: umask config:8-15 mask:8-15
381 [4127377152] INFO perfrun.perfcollector <> - format: thresh config:24-31 mask:24-31
381 [4127377152] WARN perfrun.perfcollector <> - pmu hwInfo is not set, at file: vcs/perfrun1/plugins/perfcollector/src/controller.cpp:657
381 [4127377152] INFO perfrun.perfcollector <> - pmu added : family : uncore_r2pcie , id : 0
381 [4127377152] INFO perfrun.perfcollector <> - dir found : /sys/bus/event_source/devices/uncore_r3qpi_0
381 [4127377152] INFO perfrun.perfcollector <> - format: inv config:23 mask:23
381 [4127377152] INFO perfrun.perfcollector <> - format: edge config:18 mask:18
381 [4127377152] INFO perfrun.perfcollector <> - format: event config:0-7 mask:0-7
381 [4127377152] INFO perfrun.perfcollector <> - format: umask config:8-15 mask:8-15
381 [4127377152] INFO perfrun.perfcollector <> - format: thresh config:24-31 mask:24-31
381 [4127377152] WARN perfrun.perfcollector <> - pmu hwInfo is not set, at file: vcs/perfrun1/plugins/perfcollector/src/controller.cpp:657
381 [4127377152] INFO perfrun.perfcollector <> - pmu added : family : uncore_r3qpi , id : 0
381 [4127377152] INFO perfrun.perfcollector <> - dir found : /sys/bus/event_source/devices/uncore_r3qpi_1
381 [4127377152] INFO perfrun.perfcollector <> - format: inv config:23 mask:23
382 [4127377152] INFO perfrun.perfcollector <> - format: edge config:18 mask:18
382 [4127377152] INFO perfrun.perfcollector <> - format: event config:0-7 mask:0-7
382 [4127377152] INFO perfrun.perfcollector <> - format: umask config:8-15 mask:8-15
382 [4127377152] INFO perfrun.perfcollector <> - format: thresh config:24-31 mask:24-31
382 [4127377152] WARN perfrun.perfcollector <> - pmu hwInfo is not set, at file: vcs/perfrun1/plugins/perfcollector/src/controller.cpp:657
382 [4127377152] INFO perfrun.perfcollector <> - pmu added : family : uncore_r3qpi , id : 1
382 [4127377152] INFO perfrun.perfcollector <> - dir found : /sys/bus/event_source/devices/intel_bts
382 [4127377152] WARN perfrun.perfcollector <> - format subdir doesn't exist, at file: vcs/perfrun1/plugins/perfcollector/src/controller.cpp:578
382 [4127377152] WARN perfrun.perfcollector <> - pmu hwInfo is not set, at file: vcs/perfrun1/plugins/perfcollector/src/controller.cpp:657
382 [4127377152] INFO perfrun.perfcollector <> - pmu added : family : intel_bts , id : 0
382 [4127377152] INFO perfrun.perfcollector <> - dir found : /sys/bus/event_source/devices/breakpoint
382 [4127377152] WARN perfrun.perfcollector <> - format subdir doesn't exist, at file: vcs/perfrun1/plugins/perfcollector/src/controller.cpp:578
382 [4127377152] WARN perfrun.perfcollector <> - pmu hwInfo is not set, at file: vcs/perfrun1/plugins/perfcollector/src/controller.cpp:657
382 [4127377152] INFO perfrun.perfcollector <> - pmu added : family : breakpoint , id : 0
382 [4127377152] INFO perfrun.perfcollector <> - dir found : /sys/bus/event_source/devices/uncore_ubox
382 [4127377152] INFO perfrun.perfcollector <> - format: inv config:23 mask:23
382 [4127377152] INFO perfrun.perfcollector <> - format: edge config:18 mask:18
382 [4127377152] INFO perfrun.perfcollector <> - format: event config:0-7 mask:0-7
382 [4127377152] INFO perfrun.perfcollector <> - format: umask config:8-15 mask:8-15
382 [4127377152] INFO perfrun.perfcollector <> - format: thresh config:24-28 mask:24-28
382 [4127377152] WARN perfrun.perfcollector <> - pmu hwInfo is not set, at file: vcs/perfrun1/plugins/perfcollector/src/controller.cpp:657
383 [4127377152] INFO perfrun.perfcollector <> - pmu added : family : uncore_ubox , id : 0
383 [4127377152] INFO perfrun.launcher <> - plugin perf has been added successfully
383 [4127377152] INFO perfrun.launcher <> - plugin tpss has been added successfully
383 [4127377152] INFO perfrun.launcher <> - plugin cuscol has been added successfully
383 [4127377152] INFO perfrun.launcher <> - plugin exprof has been added successfully
383 [4127377152] INFO perfrun.launcher <> - plugin dpdk has been added successfully
383 [4127377152] INFO perfrun.launcher <> - plugin media has been added successfully
383 [4127377152] INFO perfrun.launcher <> - plugin commcollector has been added successfully
383 [4127377152] INFO perfrun.launcher <> - plugin cve has been added successfully
385 [4127377152] INFO perfrun.launcher <> - the option was added --interval: Specify an interval of data collection (for example, sampling) in milliseconds.
385 [4127377152] INFO perfrun.launcher <> - the option was added --follow-child: Profile process with or without children.
385 [4127377152] INFO perfrun.launcher <> - the option was added --gelding: BADMSG: perfrun1.launcher.plugin_manager::gelding
385 [4127377152] INFO perfrun.launcher <> - the option was added --time-source: Specify time source for measurement. Possible values: sys - wall clock time; tsc - time stamp counter; ext - time from an external source; auto - auto select accurate time source.
385 [4127377152] INFO perfrun.launcher <> - the option was added --stack: Enable or disable collection of stacks.
385 [4127377152] INFO perfrun.launcher <> - the option was added --stack-stitching: Enable or disable the stack stitching algorithm for Intel TBB-based applications.
385 [4127377152] INFO perfrun.launcher <> - the option was added --type: Specify type of data to be collected. For example, --type cpu:counters,waiting:nostack,io.
385 [4127377152] INFO perfrun.launcher <> - the option was added --mrte-mode: Specify Java/.NET/other managed runtime collection mode. Possible values: native - collect information only for native code; managed - collect information only for managed code; mixed - collect information for both managed and native code; auto - choose the mode based on binary type.
385 [4127377152] INFO perfrun.launcher <> - the option was added --mrte-mode-list: List supported Java/.NET/other managed runtime collection modes.
385 [4127377152] INFO perfrun.launcher <> - the option was added --mrte-type: Specify which managed runtimes to collect. Possible values: java - collect information for Java; dotnet - collect information for .NET; python - collect information for CPython. You can specify several values separated by comma.
385 [4127377152] INFO perfrun.launcher <> - the option was added --mrte-type-list: List supported Java/.NET/other managed runtime types.
386 [4127377152] INFO perfrun.launcher <> - the option was added --trace-strategy: Specify how to profile a process tree. <string> can be "<process>:trace:notrace" - profile the process but do not profile its children. Shorthand parameters: t - trace, nt - notrace. For example, "vtunedemo.exe:t:t".
386 [4127377152] INFO perfrun.launcher <> - the option was added --collector: BADMSG: perfrun1.launcher.plugin_manager::collector
386 [4127377152] INFO perfrun.launcher <> - the option was added --system-wide: Enable system-wide profiling. This mode may require additional permissions.
386 [4127377152] INFO perfrun.launcher <> - the option was added --kvm-guest: Enable KVM guest OS profiling.
386 [4127377152] INFO perfrun.launcher <> - the option was added --kvm-guest-kallsyms: Specify a local path to the /proc/kallsyms file copied from the guest OS for proper symbol resolution.
386 [4127377152] INFO perfrun.launcher <> - the option was added --kvm-guest-modules: Specify a local path to the /proc/modules file copied from the guest OS for proper symbol resolution.
386 [4127377152] INFO perfrun.launcher <> - the option was added --target-system: BADMSG: perfrun1.launcher.plugin_manager::target-system
386 [4127377152] INFO perfrun.launcher <> - the option was added --dump-vdso: Dump [vdso] to result directory
386 [4127377152] INFO perfrun.launcher <> - the option was added --bandwidth-limits: Measure bandwidth limits
386 [4127377152] INFO perfrun.launcher <> - the option was added --bandwidth-strategy: Bandwidth limits determination specific properties (example: --bandwidth-strategy array-size=0,duration=500).
386 [4127377152] INFO perfrun.launcher <> - the option was added --bandwidth-config: List of benchmarks to run.
386 [4127377152] INFO perfrun.launcher <> - the option was added --system-collector-config: Specify subcollectors. Possible values: all, vdso, container, device-info, none.
386 [4127377152] INFO perfrun.launcher <> - the option was added --itt-config: Specify a sub-set of ITT API to collect.
387 [4127377152] INFO perfrun.launcher <> - the option was added --itt-debug: Set pseudo-breakpoint at ITT API collector's start to enable the debugger to attach early.
387 [4127377152] INFO perfrun.launcher <> - the option was added --itt-ring-buffer-multiplier: The size of internal ITT API collector ring buffer, in bytes per second
387 [4127377152] INFO perfrun.launcher <> - the option was added --ptrace: Ptrace collector.
387 [4127377152] INFO perfrun.launcher <> - the option was added --target-pid: BADMSG: perfrun1.ptracecollector::target-pid
387 [4127377152] INFO perfrun.launcher <> - the option was added --ptrace-server-pid: BADMSG: perfrun1.ptracecollector::ptrace-server-pid
387 [4127377152] INFO perfrun.launcher <> - the option was added --ptrace-trace: BADMSG: perfrun1.ptracecollector::ptrace-trace
387 [4127377152] INFO perfrun.launcher <> - the option was added --ptrace-time-source: BADMSG: perfrun1.ptracecollector::ptrace-time-source
387 [4127377152] INFO perfrun.launcher <> - the option was added --ptrace-start-type: BADMSG: perfrun1.ptracecollector::ptrace-start-type
387 [4127377152] INFO perfrun.launcher <> - the option was added --gpu-config: Specify types of GPU data to be collected. Possible values: preset1, preset2.
387 [4127377152] INFO perfrun.launcher <> - the option was added --gpu-debug: Enable self-testing of the GPGPU profiling collector.
387 [4127377152] INFO perfrun.launcher <> - the option was added --stdsrc-config: Specify Standard Sources category tag(s).
387 [4127377152] INFO perfrun.launcher <> - the option was added --ftrace-config-list: List Linux Ftrace category tag(s).
388 [4127377152] INFO perfrun.launcher <> - the option was added --ftrace-config: Specify Linux Ftrace category tag(s).
388 [4127377152] INFO perfrun.launcher <> - the option was added --ftrace-function-groups: Enable tracing of specific groups of functions.
388 [4127377152] INFO perfrun.launcher <> - the option was added --event-info: BADMSG: perfrun1.stdsrc::event-info
388 [4127377152] INFO perfrun.launcher <> - the option was added --cpu-list: List supported CPUs.
388 [4127377152] INFO perfrun.launcher <> - the option was added --target-list: List available targets for performing sampling collection.
388 [4127377152] INFO perfrun.launcher <> - the option was added --event-value-list: Display event information.
388 [4127377152] INFO perfrun.launcher <> - the option was added --platform-value-list: Display details of supported platforms.
388 [4127377152] INFO perfrun.launcher <> - the option was added --uncore-event-list: List uncore events for which a sampling data collection can be performed on this platform.
388 [4127377152] INFO perfrun.launcher <> - the option was added --modifier-list: Specify the event name <string> for which the modifiers list is requested.
388 [4127377152] INFO perfrun.launcher <> - the option was added --pmu-list: List supported PMUs.
388 [4127377152] INFO perfrun.launcher <> - the option was added --os-mode-only: Enable sampling data collection for OS-mode processes only.
388 [4127377152] INFO perfrun.launcher <> - the option was added --user-mode-only: Enable sampling data collection for user-mode processes only.
389 [4127377152] INFO perfrun.launcher <> - the option was added --event-config: Perform data collection for the events with <string> configured using the format <event name1>":modifier1=val:modifier2=val/constraint1={:modifier3=val:modifier4=val}...,"<event name2>":... Specify the events(s) to monitor and embed the event names within double quotes("). [:modifier=val] specifies individual event modifiers along with the respective values for a given platform. Note that the modifiers can be generic to an event as well as specific to a constraint (or an event qualifier). The constraint specific special modifiers appear after [/constraint=]. The modifiers can be in decimal or hexadecimal format. Only specific modifiers accept the value as a string. Each event specification is delimited by a comma (,). For a list of supported modifiers and constraints, refer to the documentation.
389 [4127377152] INFO perfrun.launcher <> - the option was added --chipset-event-config: BADMSG: perfrun1.sep::chipset-event-config
389 [4127377152] INFO perfrun.launcher <> - the option was added --uncore-event-config: Perform uncore data collection in ebc count mode for the events with <string> configured using the format "<event name1>"...,"<event name2>":... Specify the events(s) to monitor and embed the event names within double quotes(").
389 [4127377152] INFO perfrun.launcher <> - the option was added --count-emon: Enable counting mode and output the data in EMON format.
389 [4127377152] INFO perfrun.launcher <> - the option was added --event-based-counts: Enable event-based counting mode. During sampling data collection, event counts data is collected for the list of events specified in -event-config option.
389 [4127377152] INFO perfrun.launcher <> - the option was added --event-mux-tfactor: Specify the event multiplexing tfactor as <integer> to set the length of the interval between interrupts. The larger the tfactor value, the larger the period between interrupts. Currently this option is only available on Intel platforms codenamed Knights Corner.
389 [4127377152] INFO perfrun.launcher <> - the option was added --full-pebs-capture: Capture full pebs information.
389 [4127377152] INFO perfrun.launcher <> - the option was added --last-branch-records: Capture Last Branch Records information.
389 [4127377152] INFO perfrun.launcher <> - the option was added --pmu-type: Specify the targeted PMU name as <string>.
389 [4127377152] INFO perfrun.launcher <> - the option was added --platform-type: Specify the targeted platform number as <number>.
389 [4127377152] INFO perfrun.launcher <> - the option was added --bts-count: Specify the <integer> number of BTS records collected after each sample or context switch (VTSS++ only).
389 [4127377152] INFO perfrun.launcher <> - the option was added --cpu-mask: Specify which CPU(s) <string> to collect data on. For example, specify "2-8,10,12-14" to sample only CPUs 2 through 8, 10, and 12 through 14.
390 [4127377152] INFO perfrun.launcher <> - the option was added --event-mux-alg: Specify the event multiplexing algorithm. Possible values: sequence, timer, trigger.
390 [4127377152] INFO perfrun.launcher <> - the option was added --event-mux-timeslice: Specify the event multiplexing time slice value as <integer>. The time slice specifies the duration between cycles for each event multiplexing group. The default value is 50 milliseconds. This option is valid only for timer-based event multiplexing. Specify the event multiplexing time slice value as <integer>. The time slice specifies the duration between cycles for each event multiplexing group. The default value is 1 millisecond. This option is valid only for timer-based event multiplexing.
390 [4127377152] INFO perfrun.launcher <> - the option was added --event-mux-factor: Specify the event multiplexing factor as <integer>. It controls the switching of event multiplexing groups. The default factor is 50. This option is valid only for trigger-based event multiplexing. Specify the event multiplexing factor as <integer>. It controls the switching of event multiplexing groups. The default factor is 1. This option is valid only for trigger-based event multiplexing.
390 [4127377152] INFO perfrun.launcher <> - the option was added --event-mux-trigger: Specify the name of the trigger event for event multiplexing as <string>. This option is valid only for trigger-based event multiplexing. The default trigger is CPU_CLK_UNHALTED.CORE (or CPU_CLK_UNHALTED.THREAD). BADMSG: perfrun1.vtsspp::event-mux-trigger
390 [4127377152] INFO perfrun.launcher <> - the option was added --pwr-config: BADMSG: perfrun1.vtsspp::pwr-config
390 [4127377152] INFO perfrun.launcher <> - the option was added --sys-config: BADMSG: perfrun1.vtsspp::sys-config
390 [4127377152] INFO perfrun.launcher <> - the option was added --pt-mode: BADMSG: perfrun1.vtsspp::pt-mode
390 [4127377152] INFO perfrun.launcher <> - the option was added --sample-after-multiplier: Specify the sample after multiplier as <double>. This multiplier modifies the sample after value for all the events specified in -event-config option. The values can range from 0.1 to 100.0. SAV multiplier value
390 [4127377152] INFO perfrun.launcher <> - the option was added --uncore-sampling-interval: Specify the uncore sampling interval as <integer>. This value set the uncore sampling interval for all the uncore events specified in -event-config option.
390 [4127377152] INFO perfrun.launcher <> - the option was added --count: Enable counting mode. Enable counting mode
390 [4127377152] INFO perfrun.launcher <> - the option was added --trace-mpi: Configure collector to trace MPI code.
390 [4127377152] INFO perfrun.launcher <> - the option was added --raw-perf-config: Specify a verified configuration for the Perf collector in the format: <describer>,<content>. For example: map-events-file,<path_to_map_events_file>.
391 [4127377152] INFO perfrun.launcher <> - the option was added --stackwalk: Specify stack unwinding method. Possible values: online - unwind stacks during collection; offline - unwind stacks after collection is finished. Specify stack unwinding method. Possible value: lbr - unwind stacks during collection. Specify stack unwinding method. Possible values: online - unwind stacks during collection; offline - unwind stacks after collection is finished; lbr - enable LBR-based call stack collection. Specify stack unwinding method. Possible values: online - unwind stacks during collection; offline - unwind stacks after collection is finished. Specify stack unwinding method. Possible values: online - unwind stacks during collection; offline - unwind stacks after collection is finished.
391 [4127377152] INFO perfrun.launcher <> - the option was added --filter-include: Filter data during collection. Possible values: contended=<on|off> - filter out uncontended events; contended_nostack=<time> - filter out stacks for contended events that take less than <time> microseconds; wait=<time> - ignore transitions and blocks with wait time less than <time> microseconds; wait_nostack=<time> - filter out stacks for waits that take less than <time> microseconds.
391 [4127377152] INFO perfrun.launcher <> - the option was added --debug-pin: Debug PIN tool and runtime.
391 [4127377152] INFO perfrun.launcher <> - the option was added --debug-exception: Disallow the application to set own abnormal termination handler.
391 [4127377152] INFO perfrun.launcher <> - the option was added --trace-type: Specify the trace file granularity. Possible values: per-thread - per-thread trace file generation; per-process - per-process trace file generation.
391 [4127377152] INFO perfrun.launcher <> - the option was added --instrumentation-type: Specify type of instrumentation.
391 [4127377152] INFO perfrun.launcher <> - the option was added --altstack: Enable or disable usage of altstacks for profiling signal handlers.
391 [4127377152] INFO perfrun.launcher <> - the option was added --profiling-signal: BADMSG: perfrun1.ptracecollector::profiling-signal Alternate profiling signal.
391 [4127377152] INFO perfrun.launcher <> - the option was added --memory-strategy: Specify a minimal memory object size to be traced and a hash table size for faster objects search; for example: --memory-strategy obj-size-min=1024,hash-table-size=4096.
391 [4127377152] INFO perfrun.launcher <> - the option was added --custom-collector: Allows to provide arbitrary command line to be run on collection steps.
391 [4127377152] INFO perfrun.launcher <> - the option was added --exprof-com-list: List available COM ports.
391 [4127377152] INFO perfrun.launcher <> - the option was added --exprof-dvc-list: List available DvC IDs.
392 [4127377152] INFO perfrun.launcher <> - the option was added --exprof-trace-channel: BADMSG: perfrun1.exprof::exprof-trace-channel
392 [4127377152] INFO perfrun.launcher <> - the option was added --exprof-event-config: Specify ExactProfiling Event Classes.
392 [4127377152] INFO perfrun.launcher <> - the option was added --analyze-dpdk: analyze-dpdk
392 [4127377152] INFO perfrun.launcher <> - the option was added --network-sampling-interval: network-sampling-interval
392 [4127377152] INFO perfrun.launcher <> - the option was added --dpdk-file-prefix: dpdk-file-prefix
393 [4127377152] INFO perfrun.launcher <> - create msngr2::ICliToolContext
394 [4127377152] INFO perfrun.launcher <> - create file finder object
402 [4118375232] INFO perfrun.system <> - dumping [vdso] pseudomodule
404 [4118375232] INFO perfrun.launcher <> - plugin [itt] was disabled because it doesn't support the given collection type.
404 [4118375232] INFO perfrun.launcher <> - plugin [ptracecollector] was disabled because it doesn't support the given collection type.
404 [4118375232] INFO perfrun.launcher <> - plugin [gpu] was disabled because it doesn't support the given collection type.
404 [4118375232] INFO perfrun.launcher <> - plugin [] was disabled because it doesn't support the given collection type.
404 [4118375232] INFO perfrun.launcher <> - plugin [] was disabled because it doesn't support the given collection type.
404 [4118375232] INFO perfrun.launcher <> - plugin [] was disabled because it doesn't support the given collection type.
404 [4118375232] INFO perfrun.launcher <> - plugin [mrte] was disabled because it doesn't support the given collection type.
404 [4118375232] INFO perfrun.launcher <> - plugin [emon] was disabled because it doesn't support the given collection type.
404 [4118375232] INFO perfrun.launcher <> - plugin [stdsrc] was disabled because it doesn't support the given collection type.
404 [4118375232] INFO perfrun.launcher <> - plugin [sep] was disabled because it doesn't support the given collection type.
404 [4118375232] INFO perfrun.launcher <> - plugin [vtsspp] was disabled because it doesn't support the given collection type.
404 [4118375232] INFO perfrun.launcher <> - plugin [perf] was disabled because it doesn't support the given collection type.
404 [4118375232] INFO perfrun.launcher <> - plugin [tpss] was disabled because it doesn't support the given collection type.
404 [4118375232] INFO perfrun.launcher <> - plugin [cuscol] was disabled because it doesn't support the given collection type.
404 [4118375232] INFO perfrun.launcher <> - plugin [exprof] was disabled because it doesn't support the given collection type.
404 [4118375232] INFO perfrun.launcher <> - plugin [dpdk] was disabled because it doesn't support the given collection type.
404 [4118375232] INFO perfrun.launcher <> - plugin [media] was disabled because it doesn't support the given collection type.
404 [4118375232] INFO perfrun.commcollector <> - Disabling commcollector because integrity connection type is not used
404 [4118375232] INFO perfrun.launcher <> - plugin [commcollector] was disabled because it doesn't support the given collection type.
404 [4118375232] INFO perfrun.launcher <> - plugin [cve] was disabled because it doesn't support the given collection type.
404 [4127377152] INFO perfrun.launcher <> - Application exit code: 0
404 [4127377152] INFO perfrun.launcher <> - Exit code: 0
